
2026-05-15 15:01:23,255 [INFO] Starting BTC LightGBM live direction predictor. model=obi-optuna-500 once=True
2026-05-15 15:01:25,630 [WARNING] Live OBI history has 1/60 snapshots; using available history for rolling OBI inputs
2026-05-15 15:01:25,895 [INFO] BTC DOWN | contract=2026-05-15T19:00:00+00:00 | model_input_candle_close=2026-05-15T19:00:00+00:00 | model_input_close=79270.00 | p_up=46.91% p_down=53.09% | signal=DOWN
2026-05-15 15:01:25,896 [INFO] Completed cycle: {"timestamp": "2026-05-15T19:00:00+00:00", "model_input_timestamp": "2026-05-15T19:00:00+00:00", "close": 79270.0, "prediction": {"prob_up": 0.46913609255267447, "prob_down": 0.5308639074473256, "up_percent": 46.913609255267446, "down_percent": 53.08639074473256, "direction": "DOWN", "confidence_percent": 53.08639074473256, "fold_probabilities": [0.5086888775726377, 0.492669369545334, 0.4479383923346211, 0.5040274718606037, 0.49937251802428645, 0.4979758753428998, 0.44505583703015467, 0.47524218621267367, 0.40586958076333524, 0.44414267580611394, 0.41158813021479634, 0.4517823043831608, 0.46638589802361463, 0.4999104818341747, 0.48841522914913305, 0.4731406704551052, 0.46310807484282046]}}
2026-05-15 15:16:47,540 [INFO] Starting BTC LightGBM live direction predictor. model=obi-optuna-500 once=True
2026-05-15 15:16:50,768 [INFO] Evaluated DOWN prediction from 2026-05-15T19:00:00+00:00: actual=DOWN return=-0.002893 correct=True
2026-05-15 15:16:51,300 [WARNING] Live OBI history has 2/60 snapshots; using available history for rolling OBI inputs
2026-05-15 15:16:51,584 [INFO] BTC DOWN | contract=2026-05-15T19:15:00+00:00 | model_input_candle_close=2026-05-15T19:00:00+00:00 | model_input_close=79041.00 | p_up=48.49% p_down=51.51% | signal=DOWN
2026-05-15 15:16:51,585 [INFO] Completed cycle: {"timestamp": "2026-05-15T19:15:00+00:00", "model_input_timestamp": "2026-05-15T19:00:00+00:00", "close": 79041.0, "prediction": {"prob_up": 0.48491128925426435, "prob_down": 0.5150887107457356, "up_percent": 48.49112892542644, "down_percent": 51.50887107457356, "direction": "DOWN", "confidence_percent": 51.50887107457356, "fold_probabilities": [0.563135992316194, 0.5210105930559602, 0.4976217709938424, 0.4793765881510484, 0.5083763930481543, 0.4979758753428998, 0.37372429202282836, 0.46826252891749554, 0.42619513509814133, 0.4743517787993474, 0.42536563329341326, 0.4619145097245373, 0.50152719625643, 0.513188821844928, 0.5212359579247912, 0.49545053091313773, 0.5147783196193444]}}
2026-05-15 15:45:46,654 [INFO] Starting BTC LightGBM live direction predictor. model=obi-optuna-500 once=True
2026-05-15 15:45:50,114 [INFO] Evaluated DOWN prediction from 2026-05-15T19:15:00+00:00: actual=UP return=0.000683 correct=False
2026-05-15 15:45:50,311 [WARNING] Live OBI history has 3/60 snapshots; collecting history before predicting
2026-05-15 15:46:23,391 [INFO] Starting BTC LightGBM live direction predictor. model=obi-optuna-500 once=True
2026-05-15 15:46:26,524 [WARNING] Live OBI history has 3/60 snapshots; collecting history before predicting
2026-05-15 15:49:41,380 [INFO] Starting BTC LightGBM live direction predictor. model=obi-optuna-500 once=True
2026-05-15 15:49:44,393 [WARNING] Live OBI history has 3/60 snapshots; collecting history before predicting
2026-05-15 15:55:34,896 [INFO] Starting BTC LightGBM live direction predictor. model=obi-optuna-500 once=True
2026-05-15 15:55:38,786 [WARNING] No Binance Vision bookDepth backfill available for BTCUSDT from 2026-05-15T04:30:00+00:00 to 2026-05-15T19:15:00+00:00
2026-05-15 15:56:53,722 [INFO] Starting BTC LightGBM live direction predictor. model=obi-optuna-500 once=True
2026-05-15 15:56:57,452 [WARNING] No Binance Vision bookDepth backfill available for BTCUSDT from 2026-05-15T04:30:00+00:00 to 2026-05-15T19:15:00+00:00
2026-05-15 16:09:03,036 [INFO] Starting BTC LightGBM live direction predictor. model=obi-optuna-500 once=False
2026-05-15 16:09:06,925 [WARNING] No Binance Vision bookDepth backfill available for BTCUSDT from 2026-05-15T04:45:00+00:00 to 2026-05-15T19:30:00+00:00
2026-05-15 16:09:06,926 [INFO] Waiting 363.1s until 2026-05-15T20:15:10+00:00
2026-05-15 16:09:22,682 [INFO] Starting BTC LightGBM live direction predictor. model=obi-optuna-500 once=False
2026-05-15 16:09:26,679 [WARNING] No Binance Vision bookDepth backfill available for BTCUSDT from 2026-05-15T04:45:00+00:00 to 2026-05-15T19:30:00+00:00
2026-05-15 16:09:26,679 [INFO] Waiting 343.3s until 2026-05-15T20:15:10+00:00
2026-05-15 16:14:22,934 [INFO] Starting BTC LightGBM live direction predictor. model=obi-optuna-500 once=False
2026-05-15 16:14:26,120 [WARNING] No Binance Vision bookDepth backfill available for BTCUSDT from 2026-05-15T04:45:00+00:00 to 2026-05-15T19:30:00+00:00
2026-05-15 16:14:26,120 [INFO] Waiting 43.9s until 2026-05-15T20:15:10+00:00
2026-05-15 16:16:07,845 [INFO] Starting BTC LightGBM live direction predictor. model=obi-optuna-500 once=False
2026-05-15 16:16:12,183 [WARNING] No Binance Vision bookDepth backfill available for BTCUSDT from 2026-05-15T05:00:00+00:00 to 2026-05-15T19:45:00+00:00
2026-05-15 16:16:12,183 [INFO] Waiting 837.8s until 2026-05-15T20:30:10+00:00
2026-05-15 16:16:36,239 [INFO] Starting BTC LightGBM live direction predictor. model=obi-optuna-500 once=False
2026-05-15 16:16:39,954 [WARNING] No Binance Vision bookDepth backfill available for BTCUSDT from 2026-05-15T05:00:00+00:00 to 2026-05-15T19:45:00+00:00
2026-05-15 16:16:39,954 [INFO] Waiting 810.0s until 2026-05-15T20:30:10+00:00
