2026-05-15 20:53:12,766 [INFO] Starting BTC LightGBM live direction predictor. model=optuned-balanced once=False
2026-05-15 20:53:16,085 [INFO] BTC DOWN | contract=2026-05-15T20:45:00+00:00 | model_input_candle_close=2026-05-15T20:30:00+00:00 | model_input_close=79046.00 | p_up=48.70% p_down=51.30% | signal=DOWN
2026-05-15 20:53:16,086 [INFO] Completed cycle: {"timestamp": "2026-05-15T20:45:00+00:00", "model_input_timestamp": "2026-05-15T20:30:00+00:00", "close": 79046.0, "prediction": {"prob_up": 0.48699785774907817, "prob_down": 0.5130021422509219, "up_percent": 48.69978577490782, "down_percent": 51.30021422509219, "direction": "DOWN", "confidence_percent": 51.30021422509219, "fold_probabilities": [0.515409725380745, 0.48298002586127664, 0.4914207348767586, 0.4785475021226251, 0.4894583972357532, 0.5031337931341114, 0.43642976555809226, 0.49938535930580225, 0.45990869878700996, 0.45102973602280166, 0.47796024226203326, 0.4589758982827809, 0.5161429252424274, 0.5809887123929577, 0.4930773488825249, 0.4822787670166506, 0.46183594936997807]}}
2026-05-15 20:53:16,086 [INFO] Waiting 413.9s until 2026-05-15T21:00:10+00:00
2026-05-15 21:00:16,420 [INFO] Evaluated DOWN prediction from 2026-05-15T20:45:00+00:00: actual=UP return=0.000468 correct=False
2026-05-15 21:00:16,920 [INFO] BTC DOWN | contract=2026-05-15T21:00:00+00:00 | model_input_candle_close=2026-05-15T20:45:00+00:00 | model_input_close=79083.00 | p_up=47.50% p_down=52.50% | signal=DOWN
2026-05-15 21:00:16,920 [INFO] Completed cycle: {"timestamp": "2026-05-15T21:00:00+00:00", "model_input_timestamp": "2026-05-15T20:45:00+00:00", "close": 79083.0, "prediction": {"prob_up": 0.4749505238211158, "prob_down": 0.5250494761788842, "up_percent": 47.49505238211158, "down_percent": 52.50494761788842, "direction": "DOWN", "confidence_percent": 52.50494761788842, "fold_probabilities": [0.5141017270066643, 0.477319003369949, 0.4721195415225751, 0.4625502541185946, 0.5039586342121734, 0.49913679041952586, 0.4139346080835873, 0.49938535930580225, 0.4518732555106606, 0.4219628134229822, 0.4556413866230197, 0.4167723625894156, 0.5066838687251405, 0.5075180101651787, 0.495067882108826, 0.49192026239267844, 0.4842131453821949]}}
2026-05-15 21:00:16,921 [INFO] Waiting 893.1s until 2026-05-15T21:15:10+00:00
2026-05-15 21:03:07,606 [INFO] Starting BTC LightGBM live direction predictor. model=optuned-balanced once=False
2026-05-15 21:03:10,313 [INFO] BTC DOWN | contract=2026-05-15T21:00:00+00:00 | model_input_candle_close=2026-05-15T20:45:00+00:00 | model_input_close=79083.00 | p_up=47.50% p_down=52.50% | signal=DOWN
2026-05-15 21:03:10,314 [INFO] Completed cycle: {"timestamp": "2026-05-15T21:00:00+00:00", "model_input_timestamp": "2026-05-15T20:45:00+00:00", "close": 79083.0, "prediction": {"prob_up": 0.4749505238211158, "prob_down": 0.5250494761788842, "up_percent": 47.49505238211158, "down_percent": 52.50494761788842, "direction": "DOWN", "confidence_percent": 52.50494761788842, "fold_probabilities": [0.5141017270066643, 0.477319003369949, 0.4721195415225751, 0.4625502541185946, 0.5039586342121734, 0.49913679041952586, 0.4139346080835873, 0.49938535930580225, 0.4518732555106606, 0.4219628134229822, 0.4556413866230197, 0.4167723625894156, 0.5066838687251405, 0.5075180101651787, 0.495067882108826, 0.49192026239267844, 0.4842131453821949]}}
2026-05-15 21:03:10,314 [INFO] Waiting 719.7s until 2026-05-15T21:15:10+00:00
2026-05-15 21:03:45,765 [INFO] Starting BTC LightGBM live direction predictor. model=optuned-balanced once=False
2026-05-15 21:03:48,428 [INFO] BTC DOWN | contract=2026-05-15T21:00:00+00:00 | model_input_candle_close=2026-05-15T20:45:00+00:00 | model_input_close=79083.00 | p_up=47.50% p_down=52.50% | signal=DOWN
2026-05-15 21:03:48,429 [INFO] Completed cycle: {"timestamp": "2026-05-15T21:00:00+00:00", "model_input_timestamp": "2026-05-15T20:45:00+00:00", "close": 79083.0, "prediction": {"prob_up": 0.4749505238211158, "prob_down": 0.5250494761788842, "up_percent": 47.49505238211158, "down_percent": 52.50494761788842, "direction": "DOWN", "confidence_percent": 52.50494761788842, "fold_probabilities": [0.5141017270066643, 0.477319003369949, 0.4721195415225751, 0.4625502541185946, 0.5039586342121734, 0.49913679041952586, 0.4139346080835873, 0.49938535930580225, 0.4518732555106606, 0.4219628134229822, 0.4556413866230197, 0.4167723625894156, 0.5066838687251405, 0.5075180101651787, 0.495067882108826, 0.49192026239267844, 0.4842131453821949]}}
2026-05-15 21:03:48,429 [INFO] Waiting 681.6s until 2026-05-15T21:15:10+00:00
2026-05-15 21:15:12,985 [INFO] Evaluated DOWN prediction from 2026-05-15T21:00:00+00:00: actual=UP return=0.000758 correct=False
2026-05-15 21:15:12,985 [INFO] Evaluated DOWN prediction from 2026-05-15T21:00:00+00:00: actual=UP return=0.000758 correct=False
2026-05-15 21:15:12,985 [INFO] Evaluated DOWN prediction from 2026-05-15T21:00:00+00:00: actual=UP return=0.000758 correct=False
2026-05-15 21:15:13,840 [INFO] BTC DOWN | contract=2026-05-15T21:15:00+00:00 | model_input_candle_close=2026-05-15T21:00:00+00:00 | model_input_close=79143.00 | p_up=47.17% p_down=52.83% | signal=DOWN
2026-05-15 21:15:13,842 [INFO] Completed cycle: {"timestamp": "2026-05-15T21:15:00+00:00", "model_input_timestamp": "2026-05-15T21:00:00+00:00", "close": 79143.0, "prediction": {"prob_up": 0.4717037969271987, "prob_down": 0.5282962030728013, "up_percent": 47.17037969271987, "down_percent": 52.82962030728014, "direction": "DOWN", "confidence_percent": 52.82962030728014, "fold_probabilities": [0.4786060661241166, 0.5008200549747823, 0.44723445845033494, 0.47174453296075025, 0.500273389835862, 0.49913679041952586, 0.4281023942932671, 0.5429323034005528, 0.4518732555106606, 0.3958215583993133, 0.4468732135941573, 0.4149872984232292, 0.48127009187219155, 0.4965126488513054, 0.495067882108826, 0.49192026239267844, 0.475788346150825]}}
2026-05-15 21:15:13,842 [INFO] Waiting 896.2s until 2026-05-15T21:30:10+00:00
2026-05-15 21:30:14,212 [INFO] Evaluated DOWN prediction from 2026-05-15T21:15:00+00:00: actual=DOWN return=-0.000607 correct=True
2026-05-15 21:30:14,704 [INFO] BTC DOWN | contract=2026-05-15T21:30:00+00:00 | model_input_candle_close=2026-05-15T21:15:00+00:00 | model_input_close=79095.00 | p_up=46.32% p_down=53.68% | signal=DOWN
2026-05-15 21:30:14,704 [INFO] Completed cycle: {"timestamp": "2026-05-15T21:30:00+00:00", "model_input_timestamp": "2026-05-15T21:15:00+00:00", "close": 79095.0, "prediction": {"prob_up": 0.4631902077761578, "prob_down": 0.5368097922238422, "up_percent": 46.31902077761578, "down_percent": 53.68097922238422, "direction": "DOWN", "confidence_percent": 53.68097922238422, "fold_probabilities": [0.47475750208286777, 0.4891711516270449, 0.4302958240549739, 0.45927747191146134, 0.49592965240313797, 0.4810307057923397, 0.44647893324227356, 0.5241646760043777, 0.4580824386601969, 0.4240122995636431, 0.45581772929070713, 0.4109204890292483, 0.4899325204310294, 0.45651181904639665, 0.48020675266343316, 0.4860509554341361, 0.41159261095741595]}}
2026-05-15 21:30:14,705 [INFO] Waiting 895.3s until 2026-05-15T21:45:10+00:00
2026-05-15 21:45:12,063 [INFO] Evaluated DOWN prediction from 2026-05-15T21:30:00+00:00: actual=DOWN return=-0.000101 correct=True
2026-05-15 21:45:12,923 [INFO] BTC DOWN | contract=2026-05-15T21:45:00+00:00 | model_input_candle_close=2026-05-15T21:30:00+00:00 | model_input_close=79087.00 | p_up=45.11% p_down=54.89% | signal=DOWN
2026-05-15 21:45:12,924 [INFO] Completed cycle: {"timestamp": "2026-05-15T21:45:00+00:00", "model_input_timestamp": "2026-05-15T21:30:00+00:00", "close": 79087.0, "prediction": {"prob_up": 0.4510707991182123, "prob_down": 0.5489292008817876, "up_percent": 45.10707991182123, "down_percent": 54.89292008817876, "direction": "DOWN", "confidence_percent": 54.89292008817876, "fold_probabilities": [0.41766323952612283, 0.44842571515058294, 0.4216661503284201, 0.44551714761281913, 0.4996148896258767, 0.5031337931341114, 0.4704687962643228, 0.5241646760043777, 0.43250200922985776, 0.3967979875028075, 0.41670200721721806, 0.37639815910030255, 0.43805279148880577, 0.48803114797429265, 0.4763519233141245, 0.4860509554341361, 0.42666219610143086]}}
2026-05-15 21:45:12,924 [INFO] Waiting 897.1s until 2026-05-15T22:00:10+00:00
2026-05-15 22:00:15,519 [INFO] Evaluated DOWN prediction from 2026-05-15T21:45:00+00:00: actual=DOWN return=-0.001924 correct=True
2026-05-15 22:00:16,414 [INFO] BTC DOWN | contract=2026-05-15T22:00:00+00:00 | model_input_candle_close=2026-05-15T21:45:00+00:00 | model_input_close=78935.00 | p_up=49.69% p_down=50.31% | signal=DOWN
2026-05-15 22:00:16,415 [INFO] Completed cycle: {"timestamp": "2026-05-15T22:00:00+00:00", "model_input_timestamp": "2026-05-15T21:45:00+00:00", "close": 78935.0, "prediction": {"prob_up": 0.4969092523290455, "prob_down": 0.5030907476709545, "up_percent": 49.69092523290455, "down_percent": 50.30907476709545, "direction": "DOWN", "confidence_percent": 50.30907476709545, "fold_probabilities": [0.4044207509855613, 0.48709740182175976, 0.47052960893222306, 0.49494968129832195, 0.5093356359801243, 0.5031337931341114, 0.5350044704316941, 0.5526203022196458, 0.503644875901268, 0.4870462320526868, 0.46584707780860685, 0.47296845376793845, 0.5161095111642638, 0.5275185195663993, 0.49400524440872945, 0.49595012270806493, 0.5272756074123732]}}
2026-05-15 22:00:16,415 [INFO] Waiting 893.6s until 2026-05-15T22:15:10+00:00
2026-05-15 22:15:12,017 [INFO] Evaluated DOWN prediction from 2026-05-15T22:00:00+00:00: actual=UP return=0.001114 correct=False
2026-05-15 22:15:12,861 [INFO] BTC DOWN | contract=2026-05-15T22:15:00+00:00 | model_input_candle_close=2026-05-15T22:00:00+00:00 | model_input_close=79023.00 | p_up=48.48% p_down=51.52% | signal=DOWN
2026-05-15 22:15:12,863 [INFO] Completed cycle: {"timestamp": "2026-05-15T22:15:00+00:00", "model_input_timestamp": "2026-05-15T22:00:00+00:00", "close": 79023.0, "prediction": {"prob_up": 0.48482388304272384, "prob_down": 0.5151761169572762, "up_percent": 48.48238830427238, "down_percent": 51.51761169572762, "direction": "DOWN", "confidence_percent": 51.51761169572762, "fold_probabilities": [0.4314434728789961, 0.47938914683892947, 0.5016433650158353, 0.48403532207375805, 0.4995832634553052, 0.5031337931341114, 0.44751576498692824, 0.5526203022196458, 0.4575573106700128, 0.48351420589266586, 0.4819278957875797, 0.4623132117626307, 0.5061661306558048, 0.5300469892583937, 0.4929003118661203, 0.4840975465622949, 0.44411797866729347]}}
2026-05-15 22:15:12,863 [INFO] Waiting 897.1s until 2026-05-15T22:30:10+00:00
2026-05-15 22:30:13,323 [INFO] Evaluated DOWN prediction from 2026-05-15T22:15:00+00:00: actual=UP return=0.000316 correct=False
2026-05-15 22:30:13,813 [INFO] BTC DOWN | contract=2026-05-15T22:30:00+00:00 | model_input_candle_close=2026-05-15T22:15:00+00:00 | model_input_close=79048.00 | p_up=47.93% p_down=52.07% | signal=DOWN
2026-05-15 22:30:13,814 [INFO] Completed cycle: {"timestamp": "2026-05-15T22:30:00+00:00", "model_input_timestamp": "2026-05-15T22:15:00+00:00", "close": 79048.0, "prediction": {"prob_up": 0.4792897951779763, "prob_down": 0.5207102048220237, "up_percent": 47.92897951779763, "down_percent": 52.07102048220237, "direction": "DOWN", "confidence_percent": 52.07102048220237, "fold_probabilities": [0.4385236219249998, 0.48213747851660155, 0.4625989580965127, 0.48966763490930676, 0.5093606553814002, 0.4756598135639928, 0.45220528945856836, 0.5526203022196458, 0.46462007037628844, 0.4937325445165203, 0.4595685600068892, 0.4768572676611469, 0.4777761369059743, 0.4915375900410125, 0.4929003118661203, 0.4759194245529153, 0.45224085802770136]}}
2026-05-15 22:30:13,814 [INFO] Waiting 896.2s until 2026-05-15T22:45:10+00:00
2026-05-15 22:45:15,215 [INFO] Evaluated DOWN prediction from 2026-05-15T22:30:00+00:00: actual=UP return=0.000443 correct=False
2026-05-15 22:45:16,074 [INFO] BTC DOWN | contract=2026-05-15T22:45:00+00:00 | model_input_candle_close=2026-05-15T22:30:00+00:00 | model_input_close=79083.00 | p_up=46.12% p_down=53.88% | signal=DOWN
2026-05-15 22:45:16,075 [INFO] Completed cycle: {"timestamp": "2026-05-15T22:45:00+00:00", "model_input_timestamp": "2026-05-15T22:30:00+00:00", "close": 79083.0, "prediction": {"prob_up": 0.46116385559039275, "prob_down": 0.5388361444096073, "up_percent": 46.11638555903927, "down_percent": 53.88361444096073, "direction": "DOWN", "confidence_percent": 53.88361444096073, "fold_probabilities": [0.436042191530545, 0.48213747851660155, 0.43844278702047934, 0.48688379237403384, 0.5093606553814002, 0.4886380179217532, 0.44453100579029614, 0.5233168143148395, 0.41200917962001, 0.4135905948979979, 0.44202548869113223, 0.4115039983917888, 0.4723553625015566, 0.4707947703354958, 0.4821947513530652, 0.4814101586706563, 0.4445484977250259]}}
2026-05-15 22:45:16,076 [INFO] Waiting 893.9s until 2026-05-15T23:00:10+00:00
2026-05-15 23:00:12,387 [INFO] Evaluated DOWN prediction from 2026-05-15T22:45:00+00:00: actual=DOWN return=-0.000164 correct=True
2026-05-15 23:00:13,210 [INFO] BTC DOWN | contract=2026-05-15T23:00:00+00:00 | model_input_candle_close=2026-05-15T22:45:00+00:00 | model_input_close=79070.00 | p_up=44.66% p_down=55.34% | signal=DOWN
2026-05-15 23:00:13,210 [INFO] Completed cycle: {"timestamp": "2026-05-15T23:00:00+00:00", "model_input_timestamp": "2026-05-15T22:45:00+00:00", "close": 79070.0, "prediction": {"prob_up": 0.44663631856828206, "prob_down": 0.553363681431718, "up_percent": 44.663631856828204, "down_percent": 55.336368143171796, "direction": "DOWN", "confidence_percent": 55.336368143171796, "fold_probabilities": [0.44442597532860895, 0.46005054071886703, 0.41316124233736595, 0.47104397511991664, 0.5124886865561372, 0.4756598135639928, 0.4550762049663669, 0.5176455973892644, 0.4011799968935377, 0.4008306822345287, 0.38132523941500407, 0.3812047498545191, 0.43805279148880577, 0.4581958339112987, 0.4763519233141245, 0.4814101586706563, 0.4247140038977988]}}
2026-05-15 23:00:13,211 [INFO] Waiting 896.8s until 2026-05-15T23:15:10+00:00
2026-05-15 23:15:13,308 [INFO] Evaluated DOWN prediction from 2026-05-15T23:00:00+00:00: actual=UP return=0.000101 correct=False
2026-05-15 23:15:13,800 [INFO] BTC DOWN | contract=2026-05-15T23:15:00+00:00 | model_input_candle_close=2026-05-15T23:00:00+00:00 | model_input_close=79078.00 | p_up=43.88% p_down=56.12% | signal=DOWN
2026-05-15 23:15:13,800 [INFO] Completed cycle: {"timestamp": "2026-05-15T23:15:00+00:00", "model_input_timestamp": "2026-05-15T23:00:00+00:00", "close": 79078.0, "prediction": {"prob_up": 0.4387776843969246, "prob_down": 0.5612223156030753, "up_percent": 43.87776843969246, "down_percent": 56.12223156030753, "direction": "DOWN", "confidence_percent": 56.12223156030753, "fold_probabilities": [0.4277344831559953, 0.4463529348052955, 0.4114212931853134, 0.4395690463520422, 0.4996148896258767, 0.4769064585870989, 0.4190634251514788, 0.4874217339534096, 0.3900217928268829, 0.366792326919666, 0.40228613469094604, 0.38260359306504715, 0.42617738028754254, 0.48011105070909227, 0.4763519233141245, 0.4814101586706563, 0.44538200944725]}}
2026-05-15 23:15:13,801 [INFO] Waiting 896.2s until 2026-05-15T23:30:10+00:00
2026-05-15 23:30:12,621 [INFO] Evaluated DOWN prediction from 2026-05-15T23:15:00+00:00: actual=DOWN return=-0.000038 correct=True
2026-05-15 23:30:13,485 [INFO] BTC DOWN | contract=2026-05-15T23:30:00+00:00 | model_input_candle_close=2026-05-15T23:15:00+00:00 | model_input_close=79075.00 | p_up=42.95% p_down=57.05% | signal=DOWN
2026-05-15 23:30:13,486 [INFO] Completed cycle: {"timestamp": "2026-05-15T23:30:00+00:00", "model_input_timestamp": "2026-05-15T23:15:00+00:00", "close": 79075.0, "prediction": {"prob_up": 0.42945740257612325, "prob_down": 0.5705425974238767, "up_percent": 42.94574025761232, "down_percent": 57.05425974238767, "direction": "DOWN", "confidence_percent": 57.05425974238767, "fold_probabilities": [0.36297806785367387, 0.47106831043318276, 0.3892889172538705, 0.42469243735614093, 0.4996148896258767, 0.4886380179217532, 0.34150165721329534, 0.4768767010065757, 0.4032086737146582, 0.37390857373727004, 0.4104584940305656, 0.3763140994637016, 0.4268576072681611, 0.4637016720992503, 0.4763519233141245, 0.4814101586706563, 0.4339056428313387]}}
2026-05-15 23:30:13,487 [INFO] Waiting 896.5s until 2026-05-15T23:45:10+00:00
2026-05-15 23:45:12,047 [INFO] Evaluated DOWN prediction from 2026-05-15T23:30:00+00:00: actual=UP return=0.000126 correct=False
2026-05-15 23:45:12,739 [INFO] BTC DOWN | contract=2026-05-15T23:45:00+00:00 | model_input_candle_close=2026-05-15T23:30:00+00:00 | model_input_close=79085.00 | p_up=42.05% p_down=57.95% | signal=DOWN
2026-05-15 23:45:12,741 [INFO] Completed cycle: {"timestamp": "2026-05-15T23:45:00+00:00", "model_input_timestamp": "2026-05-15T23:30:00+00:00", "close": 79085.0, "prediction": {"prob_up": 0.4205202214623749, "prob_down": 0.5794797785376251, "up_percent": 42.05202214623749, "down_percent": 57.94797785376251, "direction": "DOWN", "confidence_percent": 57.94797785376251, "fold_probabilities": [0.3681276077245528, 0.4313967667861297, 0.36278698473765947, 0.4385577982422221, 0.49648541201394397, 0.4756598135639928, 0.31181974918787114, 0.4768767010065757, 0.3812587281091551, 0.32716838569237144, 0.3702760990527754, 0.37183618736278706, 0.4268576072681611, 0.500626488495723, 0.4763519233141245, 0.4814101586706563, 0.45134735363167205]}}
2026-05-15 23:45:12,741 [INFO] Waiting 897.3s until 2026-05-16T00:00:10+00:00
2026-05-16 00:00:15,333 [INFO] Evaluated DOWN prediction from 2026-05-15T23:45:00+00:00: actual=DOWN return=-0.000202 correct=True
2026-05-16 00:00:15,823 [INFO] BTC DOWN | contract=2026-05-16T00:00:00+00:00 | model_input_candle_close=2026-05-15T23:45:00+00:00 | model_input_close=79069.00 | p_up=40.69% p_down=59.31% | signal=DOWN
2026-05-16 00:00:15,824 [INFO] Completed cycle: {"timestamp": "2026-05-16T00:00:00+00:00", "model_input_timestamp": "2026-05-15T23:45:00+00:00", "close": 79069.0, "prediction": {"prob_up": 0.4069334215463162, "prob_down": 0.5930665784536838, "up_percent": 40.693342154631615, "down_percent": 59.306657845368385, "direction": "DOWN", "confidence_percent": 59.306657845368385, "fold_probabilities": [0.34149562520844307, 0.40770651488876397, 0.35484414255247054, 0.42469243735614093, 0.4996148896258767, 0.4745663515738568, 0.3207187447185881, 0.46142759239146036, 0.36431033349688213, 0.28985730905181833, 0.377143385175604, 0.35465344548815214, 0.4291254131568967, 0.4474319022340373, 0.4763519233141245, 0.4814101586706563, 0.4125179973836026]}}
2026-05-16 00:00:15,824 [INFO] Waiting 894.2s until 2026-05-16T00:15:10+00:00
2026-05-16 00:15:12,949 [INFO] Evaluated DOWN prediction from 2026-05-16T00:00:00+00:00: actual=UP return=0.000847 correct=False
2026-05-16 00:15:13,445 [INFO] BTC DOWN | contract=2026-05-16T00:15:00+00:00 | model_input_candle_close=2026-05-16T00:00:00+00:00 | model_input_close=79136.00 | p_up=43.85% p_down=56.15% | signal=DOWN
2026-05-16 00:15:13,446 [INFO] Completed cycle: {"timestamp": "2026-05-16T00:15:00+00:00", "model_input_timestamp": "2026-05-16T00:00:00+00:00", "close": 79136.0, "prediction": {"prob_up": 0.4385264015766555, "prob_down": 0.5614735984233445, "up_percent": 43.852640157665554, "down_percent": 56.14735984233445, "direction": "DOWN", "confidence_percent": 56.14735984233445, "fold_probabilities": [0.4241853720391508, 0.487657309965984, 0.4263739222290266, 0.46686076205402033, 0.4863307064745576, 0.4886380179217532, 0.38967094445526373, 0.49345132026067784, 0.3963775936906046, 0.3282941787092894, 0.3723171252463365, 0.36295380826540674, 0.44510676561583573, 0.48993804426630067, 0.4763519233141245, 0.4814101586706563, 0.4390308736241557]}}
2026-05-16 00:15:13,446 [INFO] Waiting 896.6s until 2026-05-16T00:30:10+00:00
2026-05-16 00:30:12,477 [INFO] Evaluated DOWN prediction from 2026-05-16T00:15:00+00:00: actual=DOWN return=-0.000051 correct=True
2026-05-16 00:30:13,310 [INFO] BTC DOWN | contract=2026-05-16T00:30:00+00:00 | model_input_candle_close=2026-05-16T00:15:00+00:00 | model_input_close=79132.00 | p_up=42.71% p_down=57.29% | signal=DOWN
2026-05-16 00:30:13,311 [INFO] Completed cycle: {"timestamp": "2026-05-16T00:30:00+00:00", "model_input_timestamp": "2026-05-16T00:15:00+00:00", "close": 79132.0, "prediction": {"prob_up": 0.42711167072494194, "prob_down": 0.5728883292750581, "up_percent": 42.71116707249419, "down_percent": 57.28883292750581, "direction": "DOWN", "confidence_percent": 57.28883292750581, "fold_probabilities": [0.3589586363880367, 0.4296374794282755, 0.4002996473555227, 0.4614208413655758, 0.4996148896258767, 0.48754246215832864, 0.37965549156894807, 0.4779558496217087, 0.38508949224525074, 0.33274058954580504, 0.39160582603777316, 0.3657727463928443, 0.41900183341803166, 0.4795225266181701, 0.4763519233141245, 0.4814101586706563, 0.4343180085690843]}}
2026-05-16 00:30:13,311 [INFO] Waiting 896.7s until 2026-05-16T00:45:10+00:00
