
2026-05-15 15:52:37,674 [INFO] Starting BTC LightGBM live direction predictor. model=obi-optuna-500 once=False
2026-05-15 15:52:40,015 [WARNING] Live OBI history has 1/60 snapshots; using available history for rolling OBI inputs
2026-05-15 15:52:40,048 [INFO] BTC UP | contract=2026-05-15T15:45:00+00:00 | model_input_candle_close=2026-05-15T15:45:00+00:00 | model_input_close=79064.00 | p_up=50.74% p_down=49.26% | signal=UP
2026-05-15 15:52:40,049 [INFO] Completed cycle: {"timestamp": "2026-05-15T15:45:00+00:00", "model_input_timestamp": "2026-05-15T15:45:00+00:00", "close": 79064.0, "prediction": {"prob_up": 0.5074304992102563, "prob_down": 0.4925695007897437, "up_percent": 50.74304992102563, "down_percent": 49.25695007897437, "direction": "UP", "confidence_percent": 50.74304992102563, "fold_probabilities": [0.5296808539786743, 0.544961391113073, 0.5347008664636098, 0.5784101850808401, 0.5083763930481543, 0.4979758753428998, 0.47344749853516344, 0.518741294424246, 0.44573383051496773, 0.4881059076893877, 0.4608503754463574, 0.492915692042115, 0.4971780904211529, 0.5399947565786951, 0.5212359579247912, 0.48842438506144625, 0.5055851329087833]}}
2026-05-15 15:52:40,049 [INFO] Waiting 450.0s until 2026-05-15T16:00:10+00:00
2026-05-15 16:00:11,718 [INFO] Evaluated UP prediction from 2026-05-15T15:45:00+00:00: actual=UP return=0.000860 correct=True
2026-05-15 16:00:12,189 [WARNING] Live OBI history has 2/60 snapshots; using available history for rolling OBI inputs
2026-05-15 16:00:12,220 [INFO] BTC UP | contract=2026-05-15T16:00:00+00:00 | model_input_candle_close=2026-05-15T16:00:00+00:00 | model_input_close=79132.00 | p_up=51.12% p_down=48.88% | signal=UP
2026-05-15 16:00:12,220 [INFO] Completed cycle: {"timestamp": "2026-05-15T16:00:00+00:00", "model_input_timestamp": "2026-05-15T16:00:00+00:00", "close": 79132.0, "prediction": {"prob_up": 0.5111614012933643, "prob_down": 0.4888385987066357, "up_percent": 51.11614012933643, "down_percent": 48.88385987066357, "direction": "UP", "confidence_percent": 51.11614012933643, "fold_probabilities": [0.5488210065078163, 0.548918070441318, 0.48111662689657286, 0.513022264122697, 0.5083763930481543, 0.4979758753428998, 0.4918666985858938, 0.49501406097288714, 0.49533134448534877, 0.5103307684697022, 0.4636033722756794, 0.4806650450962961, 0.5231419076476199, 0.5939051640036682, 0.5095780248311784, 0.4806335755579274, 0.5474436237015327]}}
2026-05-15 16:00:12,221 [INFO] Waiting 897.8s until 2026-05-15T16:15:10+00:00
2026-05-15 16:15:12,748 [INFO] Evaluated UP prediction from 2026-05-15T16:00:00+00:00: actual=UP return=0.000594 correct=True
2026-05-15 16:15:13,315 [WARNING] Live OBI history has 3/60 snapshots; using available history for rolling OBI inputs
2026-05-15 16:15:13,346 [INFO] BTC UP | contract=2026-05-15T16:15:00+00:00 | model_input_candle_close=2026-05-15T16:15:00+00:00 | model_input_close=79179.00 | p_up=50.30% p_down=49.70% | signal=UP
2026-05-15 16:15:13,347 [INFO] Completed cycle: {"timestamp": "2026-05-15T16:15:00+00:00", "model_input_timestamp": "2026-05-15T16:15:00+00:00", "close": 79179.0, "prediction": {"prob_up": 0.5030247185981817, "prob_down": 0.49697528140181835, "up_percent": 50.30247185981816, "down_percent": 49.69752814018184, "direction": "UP", "confidence_percent": 50.30247185981816, "fold_probabilities": [0.551052066455054, 0.5432044697821299, 0.49883903739228064, 0.5014971588241505, 0.5083763930481543, 0.4927404175062461, 0.4941661970648977, 0.48220789450655954, 0.4969546916933289, 0.48971884902450713, 0.45808928951627104, 0.4845700800795223, 0.5145289852585178, 0.5344205836592678, 0.506232874019134, 0.4806335755579274, 0.5141876527811398]}}
2026-05-15 16:15:13,347 [INFO] Waiting 896.7s until 2026-05-15T16:30:10+00:00
2026-05-15 16:30:11,503 [INFO] Evaluated UP prediction from 2026-05-15T16:15:00+00:00: actual=UP return=0.001287 correct=True
2026-05-15 16:30:11,975 [WARNING] Live OBI history has 4/60 snapshots; using available history for rolling OBI inputs
2026-05-15 16:30:12,006 [INFO] BTC DOWN | contract=2026-05-15T16:30:00+00:00 | model_input_candle_close=2026-05-15T16:30:00+00:00 | model_input_close=79281.00 | p_up=49.15% p_down=50.85% | signal=DOWN
2026-05-15 16:30:12,006 [INFO] Completed cycle: {"timestamp": "2026-05-15T16:30:00+00:00", "model_input_timestamp": "2026-05-15T16:30:00+00:00", "close": 79281.0, "prediction": {"prob_up": 0.49148196537704125, "prob_down": 0.5085180346229587, "up_percent": 49.14819653770412, "down_percent": 50.85180346229588, "direction": "DOWN", "confidence_percent": 50.85180346229588, "fold_probabilities": [0.5430592722426215, 0.52573431323866, 0.4938174552057809, 0.48365218970059853, 0.5083763930481543, 0.4927404175062461, 0.4282195811164133, 0.4972288484530769, 0.4799491545129279, 0.4969809707906029, 0.461038403150597, 0.4630021243623297, 0.5145289852585178, 0.5125835361626808, 0.5095780248311784, 0.4770699330627368, 0.46763380876657745]}}
2026-05-15 16:30:12,007 [INFO] Waiting 898.0s until 2026-05-15T16:45:10+00:00
2026-05-15 16:45:12,512 [INFO] Evaluated DOWN prediction from 2026-05-15T16:30:00+00:00: actual=DOWN return=-0.000530 correct=True
2026-05-15 16:45:12,983 [WARNING] Live OBI history has 5/60 snapshots; using available history for rolling OBI inputs
2026-05-15 16:45:13,014 [INFO] BTC DOWN | contract=2026-05-15T16:45:00+00:00 | model_input_candle_close=2026-05-15T16:45:00+00:00 | model_input_close=79239.00 | p_up=49.19% p_down=50.81% | signal=DOWN
2026-05-15 16:45:13,015 [INFO] Completed cycle: {"timestamp": "2026-05-15T16:45:00+00:00", "model_input_timestamp": "2026-05-15T16:45:00+00:00", "close": 79239.0, "prediction": {"prob_up": 0.49191605245581266, "prob_down": 0.5080839475441874, "up_percent": 49.191605245581265, "down_percent": 50.80839475441874, "direction": "DOWN", "confidence_percent": 50.80839475441874, "fold_probabilities": [0.5468091490522822, 0.5175348978892209, 0.45299968092289744, 0.4714074527643972, 0.49937251802428645, 0.48505459356156844, 0.4644500237378045, 0.4826496725593036, 0.46496787004137635, 0.4897193673310788, 0.4585003507241617, 0.4848627805504555, 0.5170123543356288, 0.5340245171088132, 0.506232874019134, 0.48842438506144625, 0.49855040406495954]}}
2026-05-15 16:45:13,015 [INFO] Waiting 897.0s until 2026-05-15T17:00:10+00:00
2026-05-15 17:00:13,839 [INFO] Evaluated DOWN prediction from 2026-05-15T16:45:00+00:00: actual=UP return=0.000177 correct=False
2026-05-15 17:00:14,313 [WARNING] Live OBI history has 6/60 snapshots; using available history for rolling OBI inputs
2026-05-15 17:00:14,343 [INFO] BTC DOWN | contract=2026-05-15T17:00:00+00:00 | model_input_candle_close=2026-05-15T17:00:00+00:00 | model_input_close=79253.00 | p_up=49.68% p_down=50.32% | signal=DOWN
2026-05-15 17:00:14,344 [INFO] Completed cycle: {"timestamp": "2026-05-15T17:00:00+00:00", "model_input_timestamp": "2026-05-15T17:00:00+00:00", "close": 79253.0, "prediction": {"prob_up": 0.4968332133366906, "prob_down": 0.5031667866633094, "up_percent": 49.68332133366906, "down_percent": 50.31667866633094, "direction": "DOWN", "confidence_percent": 50.31667866633094, "fold_probabilities": [0.5404461592388893, 0.5324419777239533, 0.4613586709647796, 0.4380322546711128, 0.5031698741570094, 0.48505459356156844, 0.5158696812028004, 0.4839139202180218, 0.5235052043224729, 0.4844190218841704, 0.452555904193377, 0.4845700800795223, 0.5145289852585178, 0.5282705314627496, 0.506232874019134, 0.4806335755579274, 0.511161318207734]}}
2026-05-15 17:00:14,344 [INFO] Waiting 895.7s until 2026-05-15T17:15:10+00:00
2026-05-15 17:15:15,951 [INFO] Evaluated DOWN prediction from 2026-05-15T17:00:00+00:00: actual=DOWN return=-0.000467 correct=True
2026-05-15 17:15:16,426 [WARNING] Live OBI history has 7/60 snapshots; using available history for rolling OBI inputs
2026-05-15 17:15:16,457 [INFO] BTC UP | contract=2026-05-15T17:15:00+00:00 | model_input_candle_close=2026-05-15T17:15:00+00:00 | model_input_close=79216.00 | p_up=50.27% p_down=49.73% | signal=UP
2026-05-15 17:15:16,458 [INFO] Completed cycle: {"timestamp": "2026-05-15T17:15:00+00:00", "model_input_timestamp": "2026-05-15T17:15:00+00:00", "close": 79216.0, "prediction": {"prob_up": 0.5027344665413573, "prob_down": 0.49726553345864266, "up_percent": 50.27344665413573, "down_percent": 49.72655334586427, "direction": "UP", "confidence_percent": 50.27344665413573, "fold_probabilities": [0.5545712753780937, 0.5104059171449361, 0.488359556232464, 0.47837628112935593, 0.49937251802428645, 0.48505459356156844, 0.47475836916636577, 0.5080544335263121, 0.5150997916308222, 0.5037951123325367, 0.48114912234725293, 0.48749677697101607, 0.5246618471908714, 0.5453757427483888, 0.506232874019134, 0.48380496004323564, 0.4999167597564364]}}
2026-05-15 17:15:16,458 [INFO] Waiting 893.5s until 2026-05-15T17:30:10+00:00
2026-05-15 17:30:11,272 [INFO] Evaluated UP prediction from 2026-05-15T17:15:00+00:00: actual=UP return=0.001627 correct=True
2026-05-15 17:30:11,754 [WARNING] Live OBI history has 8/60 snapshots; using available history for rolling OBI inputs
2026-05-15 17:30:11,786 [INFO] BTC DOWN | contract=2026-05-15T17:30:00+00:00 | model_input_candle_close=2026-05-15T17:30:00+00:00 | model_input_close=79345.00 | p_up=48.22% p_down=51.78% | signal=DOWN
2026-05-15 17:30:11,786 [INFO] Completed cycle: {"timestamp": "2026-05-15T17:30:00+00:00", "model_input_timestamp": "2026-05-15T17:30:00+00:00", "close": 79345.0, "prediction": {"prob_up": 0.482196055712119, "prob_down": 0.517803944287881, "up_percent": 48.2196055712119, "down_percent": 51.7803944287881, "direction": "DOWN", "confidence_percent": 51.7803944287881, "fold_probabilities": [0.542347343539234, 0.5285174931728831, 0.4596628444867361, 0.4670631891735791, 0.5031698741570094, 0.5018191281314024, 0.4180773219577315, 0.47602300386384483, 0.45174454481849563, 0.4732303811263844, 0.4486426439939084, 0.45545434319567724, 0.5145289852585178, 0.5105114331934288, 0.5095780248311784, 0.4770699330627368, 0.459892459143275]}}
2026-05-15 17:30:11,787 [INFO] Waiting 898.2s until 2026-05-15T17:45:10+00:00
2026-05-15 17:45:11,479 [INFO] Evaluated DOWN prediction from 2026-05-15T17:30:00+00:00: actual=UP return=0.000101 correct=False
2026-05-15 17:45:11,954 [WARNING] Live OBI history has 9/60 snapshots; using available history for rolling OBI inputs
2026-05-15 17:45:11,985 [INFO] BTC DOWN | contract=2026-05-15T17:45:00+00:00 | model_input_candle_close=2026-05-15T17:45:00+00:00 | model_input_close=79353.00 | p_up=49.20% p_down=50.80% | signal=DOWN
2026-05-15 17:45:11,986 [INFO] Completed cycle: {"timestamp": "2026-05-15T17:45:00+00:00", "model_input_timestamp": "2026-05-15T17:45:00+00:00", "close": 79353.0, "prediction": {"prob_up": 0.49198130845887145, "prob_down": 0.5080186915411286, "up_percent": 49.19813084588714, "down_percent": 50.80186915411286, "direction": "DOWN", "confidence_percent": 50.80186915411286, "fold_probabilities": [0.542347343539234, 0.5204411574767371, 0.4829623526999134, 0.4583945968385334, 0.49937251802428645, 0.49412963872216437, 0.4154823895971002, 0.46258185765199883, 0.46000972036114185, 0.47715629696678874, 0.45456818857791526, 0.5071511095464505, 0.5267800164592858, 0.5498015054725368, 0.506232874019134, 0.5286061534674065, 0.47766452438018864]}}
2026-05-15 17:45:11,986 [INFO] Waiting 898.0s until 2026-05-15T18:00:10+00:00
2026-05-15 18:00:15,838 [INFO] Evaluated DOWN prediction from 2026-05-15T17:45:00+00:00: actual=UP return=0.001008 correct=False
2026-05-15 18:00:16,312 [WARNING] Live OBI history has 10/60 snapshots; using available history for rolling OBI inputs
2026-05-15 18:00:16,342 [INFO] BTC DOWN | contract=2026-05-15T18:00:00+00:00 | model_input_candle_close=2026-05-15T18:00:00+00:00 | model_input_close=79433.00 | p_up=45.75% p_down=54.25% | signal=DOWN
2026-05-15 18:00:16,343 [INFO] Completed cycle: {"timestamp": "2026-05-15T18:00:00+00:00", "model_input_timestamp": "2026-05-15T18:00:00+00:00", "close": 79433.0, "prediction": {"prob_up": 0.45749208023564825, "prob_down": 0.5425079197643518, "up_percent": 45.749208023564826, "down_percent": 54.250791976435174, "direction": "DOWN", "confidence_percent": 54.250791976435174, "fold_probabilities": [0.532126935057931, 0.500645959168199, 0.42396592702698443, 0.4322934135711518, 0.49937251802428645, 0.48505459356156844, 0.4061256033067275, 0.4592671124347097, 0.35413258498384226, 0.41291741930703757, 0.42889329260644693, 0.43694445177039104, 0.5145289852585178, 0.4773106117592892, 0.49978417947018094, 0.4695823532932069, 0.4444194234055494]}}
2026-05-15 18:00:16,343 [INFO] Waiting 893.7s until 2026-05-15T18:15:10+00:00
2026-05-15 18:15:11,268 [INFO] Evaluated DOWN prediction from 2026-05-15T18:00:00+00:00: actual=UP return=0.000151 correct=False
2026-05-15 18:15:11,745 [WARNING] Live OBI history has 11/60 snapshots; using available history for rolling OBI inputs
2026-05-15 18:15:11,776 [INFO] BTC DOWN | contract=2026-05-15T18:15:00+00:00 | model_input_candle_close=2026-05-15T18:15:00+00:00 | model_input_close=79445.00 | p_up=47.15% p_down=52.85% | signal=DOWN
2026-05-15 18:15:11,777 [INFO] Completed cycle: {"timestamp": "2026-05-15T18:15:00+00:00", "model_input_timestamp": "2026-05-15T18:15:00+00:00", "close": 79445.0, "prediction": {"prob_up": 0.4714771021541792, "prob_down": 0.5285228978458207, "up_percent": 47.14771021541792, "down_percent": 52.85228978458208, "direction": "DOWN", "confidence_percent": 52.85228978458208, "fold_probabilities": [0.5397981574873698, 0.50824750058611, 0.4512405521340573, 0.44998432388519105, 0.49937251802428645, 0.49412963872216437, 0.3778977858646405, 0.4717282933874608, 0.4659376442667558, 0.45975346240297255, 0.45458597589117417, 0.4606483651332345, 0.5107226519237346, 0.46803213068351757, 0.49978417947018094, 0.4727471923761368, 0.43050036438205996]}}
2026-05-15 18:15:11,777 [INFO] Waiting 898.2s until 2026-05-15T18:30:10+00:00
2026-05-15 18:30:11,272 [INFO] Evaluated DOWN prediction from 2026-05-15T18:15:00+00:00: actual=DOWN return=-0.002685 correct=True
2026-05-15 18:30:11,745 [WARNING] Live OBI history has 12/60 snapshots; using available history for rolling OBI inputs
2026-05-15 18:30:11,776 [INFO] BTC DOWN | contract=2026-05-15T18:30:00+00:00 | model_input_candle_close=2026-05-15T18:30:00+00:00 | model_input_close=79232.00 | p_up=48.08% p_down=51.92% | signal=DOWN
2026-05-15 18:30:11,777 [INFO] Completed cycle: {"timestamp": "2026-05-15T18:30:00+00:00", "model_input_timestamp": "2026-05-15T18:30:00+00:00", "close": 79232.0, "prediction": {"prob_up": 0.48079630234165915, "prob_down": 0.5192036976583408, "up_percent": 48.07963023416592, "down_percent": 51.92036976583408, "direction": "DOWN", "confidence_percent": 51.92036976583408, "fold_probabilities": [0.5393826834485186, 0.518742199933153, 0.4552630810617528, 0.46849131335972727, 0.5083763930481543, 0.4979758753428998, 0.39020189875390726, 0.4759281513203211, 0.44599997196247526, 0.44155281067936536, 0.43017247675615483, 0.46113908145112975, 0.5256475888265567, 0.5117203206264516, 0.5212359579247912, 0.49545053091313773, 0.4862568043997085]}}
2026-05-15 18:30:11,777 [INFO] Waiting 898.2s until 2026-05-15T18:45:10+00:00
2026-05-15 18:45:13,046 [INFO] Evaluated DOWN prediction from 2026-05-15T18:30:00+00:00: actual=UP return=0.000278 correct=False
2026-05-15 18:45:13,607 [WARNING] Live OBI history has 13/60 snapshots; using available history for rolling OBI inputs
2026-05-15 18:45:13,639 [INFO] BTC DOWN | contract=2026-05-15T18:45:00+00:00 | model_input_candle_close=2026-05-15T18:45:00+00:00 | model_input_close=79254.00 | p_up=47.13% p_down=52.87% | signal=DOWN
2026-05-15 18:45:13,640 [INFO] Completed cycle: {"timestamp": "2026-05-15T18:45:00+00:00", "model_input_timestamp": "2026-05-15T18:45:00+00:00", "close": 79254.0, "prediction": {"prob_up": 0.4712603147209264, "prob_down": 0.5287396852790736, "up_percent": 47.12603147209264, "down_percent": 52.87396852790736, "direction": "DOWN", "confidence_percent": 52.87396852790736, "fold_probabilities": [0.5262899391476604, 0.4940505689457368, 0.4256137050371715, 0.4494072508130262, 0.49937251802428645, 0.4979758753428998, 0.40703480390454355, 0.4609183184452548, 0.4266657948652255, 0.4424633058750065, 0.44713694968092765, 0.4579719745546167, 0.4938392462472521, 0.5210692880513133, 0.5031301383179982, 0.4731406704551052, 0.4853450025477235]}}
2026-05-15 18:45:13,640 [INFO] Waiting 896.4s until 2026-05-15T19:00:10+00:00
2026-05-15 19:00:19,747 [INFO] Evaluated DOWN prediction from 2026-05-15T18:45:00+00:00: actual=UP return=0.000202 correct=False
2026-05-15 19:00:20,223 [WARNING] Live OBI history has 14/60 snapshots; using available history for rolling OBI inputs
2026-05-15 19:00:20,254 [INFO] BTC DOWN | contract=2026-05-15T19:00:00+00:00 | model_input_candle_close=2026-05-15T19:00:00+00:00 | model_input_close=79270.00 | p_up=45.93% p_down=54.07% | signal=DOWN
2026-05-15 19:00:20,255 [INFO] Completed cycle: {"timestamp": "2026-05-15T19:00:00+00:00", "model_input_timestamp": "2026-05-15T19:00:00+00:00", "close": 79270.0, "prediction": {"prob_up": 0.45925313283137603, "prob_down": 0.540746867168624, "up_percent": 45.925313283137605, "down_percent": 54.074686716862395, "direction": "DOWN", "confidence_percent": 54.074686716862395, "fold_probabilities": [0.5301475168762986, 0.48939640047099947, 0.4252818181570451, 0.4413616422827866, 0.49937251802428645, 0.4979758753428998, 0.37701805647567277, 0.4522690610839748, 0.37112643477646823, 0.43295108517645564, 0.416165668695336, 0.4455074466302184, 0.4938392462472521, 0.5041895737871066, 0.48841522914913305, 0.4731406704551052, 0.4691450145023545]}}
2026-05-15 19:00:20,255 [INFO] Waiting 889.7s until 2026-05-15T19:15:10+00:00
2026-05-15 19:15:12,909 [INFO] Evaluated DOWN prediction from 2026-05-15T19:00:00+00:00: actual=DOWN return=-0.002893 correct=True
2026-05-15 19:15:13,385 [WARNING] Live OBI history has 15/60 snapshots; using available history for rolling OBI inputs
2026-05-15 19:15:13,416 [INFO] BTC DOWN | contract=2026-05-15T19:15:00+00:00 | model_input_candle_close=2026-05-15T19:15:00+00:00 | model_input_close=79041.00 | p_up=47.67% p_down=52.33% | signal=DOWN
2026-05-15 19:15:13,417 [INFO] Completed cycle: {"timestamp": "2026-05-15T19:15:00+00:00", "model_input_timestamp": "2026-05-15T19:15:00+00:00", "close": 79041.0, "prediction": {"prob_up": 0.4766736386893342, "prob_down": 0.5233263613106658, "up_percent": 47.66736386893342, "down_percent": 52.33263613106658, "direction": "DOWN", "confidence_percent": 52.33263613106658, "fold_probabilities": [0.5593241238353259, 0.5098615378159865, 0.49868846775794995, 0.4735630431486791, 0.5083763930481543, 0.4979758753428998, 0.3483609539928065, 0.4569519524723495, 0.33864672939661417, 0.4549962715807767, 0.4229481788022756, 0.4619145097245373, 0.50152719625643, 0.5146795826144733, 0.5212359579247912, 0.49545053091313773, 0.5389505530914946]}}
2026-05-15 19:15:13,417 [INFO] Waiting 896.6s until 2026-05-15T19:30:10+00:00
2026-05-15 19:30:11,502 [INFO] Evaluated DOWN prediction from 2026-05-15T19:15:00+00:00: actual=UP return=0.000683 correct=False
2026-05-15 19:30:11,977 [WARNING] Live OBI history has 16/60 snapshots; using available history for rolling OBI inputs
2026-05-15 19:30:12,007 [INFO] BTC DOWN | contract=2026-05-15T19:30:00+00:00 | model_input_candle_close=2026-05-15T19:30:00+00:00 | model_input_close=79095.00 | p_up=46.34% p_down=53.66% | signal=DOWN
2026-05-15 19:30:12,008 [INFO] Completed cycle: {"timestamp": "2026-05-15T19:30:00+00:00", "model_input_timestamp": "2026-05-15T19:30:00+00:00", "close": 79095.0, "prediction": {"prob_up": 0.46340851736481425, "prob_down": 0.5365914826351857, "up_percent": 46.340851736481426, "down_percent": 53.659148263518574, "direction": "DOWN", "confidence_percent": 53.659148263518574, "fold_probabilities": [0.5170915325413712, 0.49705029304579235, 0.47808233061644223, 0.45378794437560893, 0.5083763930481543, 0.48505459356156844, 0.3935002313959574, 0.4495124032777401, 0.3692491257940419, 0.4398068556447921, 0.41140172161618954, 0.4429480984636696, 0.48811761990734426, 0.49961462842475235, 0.48841522914913305, 0.4763079560176838, 0.4796278383216008]}}
2026-05-15 19:30:12,008 [INFO] Waiting 898.0s until 2026-05-15T19:45:10+00:00
