2026-05-10 15:45:41,422 [INFO] --- PORTFOLIO UPDATE ---
2026-05-10 15:45:41,422 [INFO] Total Equity: $1000.00 | Total PnL: $0.00
2026-05-10 15:48:25,391 [ERROR] Error fetching data for BTC/USDT (BTC/USD:USD): NDFrame.fillna() got an unexpected keyword argument 'method'
2026-05-10 15:54:43,583 [INFO] Starting Paper Trading Script (Kraken Futures Mode)...
2026-05-10 15:54:43,584 [INFO] Waiting 326.4s until 2026-05-10 20:00:10 UTC...
2026-05-10 15:56:38,303 [INFO] Starting Paper Trading Script (Kraken Futures Mode)...
2026-05-10 15:56:38,304 [INFO] Waiting 211.7s until 2026-05-10 20:00:10 UTC...
2026-05-10 16:00:10,000 [INFO] Step triggered at 2026-05-10 20:00:10.000643 UTC
2026-05-10 16:00:22,727 [INFO] [SOL/USDT] ENTER SHORT at 96.5000. Size: $10.58
2026-05-10 16:00:32,868 [ERROR] Error fetching data for BNB/USDT (BNB/USD:USD): krakenfutures GET https://futures.kraken.com/api/charts/v1/trade/PF_BNBUSD/15m?to=1778443222&from=1778263222
2026-05-10 16:00:52,921 [INFO] [LINK/USDT] ENTER SHORT at 10.8450. Size: $10.73
2026-05-10 16:00:54,801 [INFO] --- PORTFOLIO UPDATE ---
2026-05-10 16:00:54,802 [INFO] Total Equity: $100.00 | Total PnL: $0.00
2026-05-10 16:01:24,802 [INFO] Waiting 825.2s until 2026-05-10 20:15:10 UTC...
2026-05-10 16:15:10,003 [INFO] Step triggered at 2026-05-10 20:15:10.003689 UTC
2026-05-10 16:15:15,528 [INFO] [SOL/USDT] EXIT TP at 95.9300. Net PnL: $0.05
2026-05-10 16:27:53,159 [ERROR] Error fetching data for DOT/USDT (DOT/USD:USD): krakenfutures GET https://futures.kraken.com/derivatives/api/v3/orderbook?symbol=PF_DOTUSD
2026-05-10 16:28:13,181 [ERROR] Error fetching data for LINK/USDT (LINK/USD:USD): krakenfutures GET https://futures.kraken.com/api/charts/v1/trade/PF_LINKUSD/15m?to=1778444873&from=1778264873
2026-05-10 16:28:20,016 [INFO] --- PORTFOLIO UPDATE ---
2026-05-10 16:28:20,016 [INFO] Total Equity: $100.05 | Total PnL: $0.05
2026-05-10 22:46:00,216 [INFO] Starting Paper Trading Script (Kraken Futures Mode)...
2026-05-10 22:46:00,216 [INFO] Waiting 849.8s for candle finalization (Target: 2026-05-10 23:00:10 UTC)...
2026-05-10 23:00:10,000 [INFO] Step triggered at 2026-05-10 23:00:10.000434 UTC
2026-05-10 23:00:16,070 [INFO] [BTC/USDT] ENTER LONG at 82087.0000. Size: $18.00, Fee: $0.0090
2026-05-10 23:00:17,782 [INFO] [ETH/USDT] ENTER LONG at 2379.8000. Size: $18.00, Fee: $0.0090
2026-05-10 23:00:20,426 [INFO] [SOL/USDT] ENTER LONG at 96.3600. Size: $17.14, Fee: $0.0086
2026-05-10 23:00:25,573 [INFO] [ADA/USDT] ENTER SHORT at 0.2830. Size: $18.00, Fee: $0.0090
2026-05-10 23:00:30,092 [INFO] [DOGE/USDT] ENTER LONG at 0.1121. Size: $17.99, Fee: $0.0090
2026-05-10 23:00:38,464 [INFO] [LTC/USDT] ENTER LONG at 59.9600. Size: $17.99, Fee: $0.0090
2026-05-10 23:00:38,467 [INFO] --- PORTFOLIO UPDATE ---
2026-05-10 23:00:38,467 [INFO] Total Equity: $99.95 | Total PnL: $-0.05
2026-05-10 23:01:08,467 [INFO] Waiting 841.5s for candle finalization (Target: 2026-05-10 23:15:10 UTC)...
2026-05-10 23:15:10,000 [INFO] Step triggered at 2026-05-10 23:15:10.000475 UTC
2026-05-10 23:15:13,741 [INFO] [ETH/USDT] EXIT SIGNAL at 2381.1000. PnL: $0.0098, Fee: $0.0090, Net PnL: $0.0008
2026-05-10 23:15:15,637 [INFO] [SOL/USDT] EXIT SIGNAL at 96.3300. PnL: $-0.0053, Fee: $0.0086, Net PnL: $-0.0139
2026-05-10 23:15:19,079 [INFO] [XRP/USDT] ENTER SHORT at 1.4751. Size: $18.00, Fee: $0.0090
2026-05-10 23:15:20,763 [INFO] [ADA/USDT] EXIT SIGNAL at 0.2830. PnL: $0.0019, Fee: $0.0090, Net PnL: $-0.0071
2026-05-10 23:15:24,318 [INFO] [DOT/USDT] ENTER SHORT at 1.3870. Size: $18.00, Fee: $0.0090
2026-05-10 23:15:27,909 [INFO] [LTC/USDT] EXIT SIGNAL at 60.0100. PnL: $0.0150, Fee: $0.0090, Net PnL: $0.0060
2026-05-10 23:15:27,912 [INFO] --- PORTFOLIO UPDATE ---
2026-05-10 23:15:27,912 [INFO] Total Equity: $99.97 | Total PnL: $-0.03
2026-05-10 23:15:57,913 [INFO] Step triggered at 2026-05-10 23:15:57.913395 UTC
2026-05-10 23:16:05,475 [INFO] [ETH/USDT] ENTER LONG at 2379.9000. Size: $18.00, Fee: $0.0090
2026-05-10 23:16:07,337 [INFO] [SOL/USDT] ENTER LONG at 96.2500. Size: $17.99, Fee: $0.0090
2026-05-10 23:16:10,802 [INFO] [XRP/USDT] EXIT SIGNAL at 1.4743. PnL: $0.0106, Fee: $0.0090, Net PnL: $0.0016
2026-05-10 23:16:12,499 [INFO] [ADA/USDT] ENTER SHORT at 0.2831. Size: $17.99, Fee: $0.0090
2026-05-10 23:16:19,638 [INFO] [LTC/USDT] ENTER LONG at 60.0400. Size: $17.99, Fee: $0.0090
2026-05-10 23:16:19,641 [INFO] --- PORTFOLIO UPDATE ---
2026-05-10 23:16:19,641 [INFO] Total Equity: $99.94 | Total PnL: $-0.06
2026-05-10 23:16:49,641 [INFO] Waiting 800.4s for candle finalization (Target: 2026-05-10 23:30:10 UTC)...
2026-05-10 23:30:10,000 [INFO] Step triggered at 2026-05-10 23:30:10.000467 UTC
2026-05-10 23:30:12,063 [INFO] [BTC/USDT] EXIT SIGNAL at 82273.0000. PnL: $0.0408, Fee: $0.0090, Net PnL: $0.0318
2026-05-10 23:30:13,787 [INFO] [ETH/USDT] EXIT SIGNAL at 2375.9000. PnL: $-0.0302, Fee: $0.0090, Net PnL: $-0.0392
2026-05-10 23:30:20,823 [INFO] [ADA/USDT] EXIT SIGNAL at 0.2824. PnL: $0.0432, Fee: $0.0090, Net PnL: $0.0342
2026-05-10 23:30:22,607 [INFO] [DOGE/USDT] EXIT TIME at 0.1119. PnL: $-0.0331, Fee: $0.0090, Net PnL: $-0.0421
2026-05-10 23:30:22,608 [INFO] [DOGE/USDT] ENTER LONG at 0.1119. Size: $17.98, Fee: $0.0090
2026-05-10 23:30:24,347 [INFO] [DOT/USDT] EXIT SIGNAL at 1.3850. PnL: $0.0259, Fee: $0.0090, Net PnL: $0.0170
2026-05-10 23:30:27,945 [INFO] --- PORTFOLIO UPDATE ---
2026-05-10 23:30:27,945 [INFO] Total Equity: $99.89 | Total PnL: $-0.11
2026-05-10 23:30:57,946 [INFO] Step triggered at 2026-05-10 23:30:57.946077 UTC
2026-05-10 23:31:15,926 [INFO] --- PORTFOLIO UPDATE ---
2026-05-10 23:31:15,926 [INFO] Total Equity: $99.94 | Total PnL: $-0.06
2026-05-10 23:31:45,926 [INFO] Waiting 804.1s for candle finalization (Target: 2026-05-10 23:45:10 UTC)...
2026-05-10 23:45:10,000 [INFO] Step triggered at 2026-05-10 23:45:10.000447 UTC
2026-05-10 23:45:15,668 [INFO] [SOL/USDT] EXIT TP at 96.7000. PnL: $0.0841, Fee: $0.0090, Net PnL: $0.0751
2026-05-10 23:45:15,668 [INFO] [SOL/USDT] ENTER LONG at 96.7000. Size: $18.00, Fee: $0.0090
2026-05-10 23:45:22,609 [INFO] [DOGE/USDT] EXIT TP at 0.1128. PnL: $0.1450, Fee: $0.0091, Net PnL: $0.1359
2026-05-10 23:45:22,610 [INFO] [DOGE/USDT] ENTER LONG at 0.1128. Size: $18.02, Fee: $0.0090
2026-05-10 23:45:24,338 [INFO] [DOT/USDT] ENTER LONG at 1.3910. Size: $17.91, Fee: $0.0090
2026-05-10 23:45:27,962 [INFO] [LTC/USDT] EXIT TP at 60.5500. PnL: $0.1528, Fee: $0.0091, Net PnL: $0.1437
2026-05-10 23:45:27,962 [INFO] [LTC/USDT] ENTER LONG at 60.5500. Size: $18.04, Fee: $0.0090
2026-05-10 23:45:27,966 [INFO] --- PORTFOLIO UPDATE ---
2026-05-10 23:45:27,966 [INFO] Total Equity: $100.19 | Total PnL: $0.19
2026-05-10 23:45:57,966 [INFO] Step triggered at 2026-05-10 23:45:57.966632 UTC
2026-05-10 23:46:00,034 [INFO] [BTC/USDT] ENTER SHORT at 82327.0000. Size: $18.03, Fee: $0.0090
2026-05-10 23:46:01,877 [INFO] [ETH/USDT] ENTER SHORT at 2377.7000. Size: $18.03, Fee: $0.0090
2026-05-10 23:46:05,173 [INFO] [BNB/USDT] ENTER SHORT at 665.5600. Size: $17.73, Fee: $0.0089
2026-05-10 23:46:15,975 [INFO] --- PORTFOLIO UPDATE ---
2026-05-10 23:46:15,975 [INFO] Total Equity: $100.10 | Total PnL: $0.10
2026-05-10 23:46:45,976 [INFO] Waiting 804.0s for candle finalization (Target: 2026-05-11 00:00:10 UTC)...
2026-05-11 00:00:10,000 [INFO] Step triggered at 2026-05-11 00:00:10.000522 UTC
2026-05-11 00:00:13,935 [INFO] [BTC/USDT] EXIT SIGNAL at 82219.0000. PnL: $0.0237, Fee: $0.0090, Net PnL: $0.0147
2026-05-11 00:00:16,053 [INFO] [ETH/USDT] EXIT SIGNAL at 2373.2000. PnL: $0.0341, Fee: $0.0090, Net PnL: $0.0251
2026-05-11 00:00:22,676 [INFO] [BNB/USDT] EXIT SIGNAL at 663.4700. PnL: $0.0557, Fee: $0.0088, Net PnL: $0.0468
2026-05-11 00:00:32,623 [INFO] [DOGE/USDT] EXIT SIGNAL at 0.1126. PnL: $-0.0352, Fee: $0.0090, Net PnL: $-0.0441
2026-05-11 00:00:34,358 [INFO] [DOT/USDT] EXIT SL at 1.3840. PnL: $-0.0901, Fee: $0.0089, Net PnL: $-0.0991
2026-05-11 00:00:34,358 [INFO] [DOT/USDT] ENTER LONG at 1.3840. Size: $18.01, Fee: $0.0090
2026-05-11 00:00:42,027 [INFO] --- PORTFOLIO UPDATE ---
2026-05-11 00:00:42,028 [INFO] Total Equity: $100.04 | Total PnL: $0.04
2026-05-11 00:01:12,028 [INFO] Waiting 838.0s for candle finalization (Target: 2026-05-11 00:15:10 UTC)...
2026-05-11 00:15:10,000 [INFO] Step triggered at 2026-05-11 00:15:10.000500 UTC
2026-05-11 00:15:16,825 [INFO] [SOL/USDT] EXIT SL at 96.2100. PnL: $-0.0912, Fee: $0.0090, Net PnL: $-0.1002
2026-05-11 00:15:18,304 [INFO] [BNB/USDT] ENTER LONG at 662.4100. Size: $18.00, Fee: $0.0090
2026-05-11 00:15:26,254 [INFO] [DOT/USDT] EXIT SIGNAL at 1.3810. PnL: $-0.0390, Fee: $0.0090, Net PnL: $-0.0480
2026-05-11 00:15:29,872 [INFO] [LTC/USDT] EXIT SL at 60.0100. PnL: $-0.1609, Fee: $0.0089, Net PnL: $-0.1698
2026-05-11 00:15:29,875 [INFO] --- PORTFOLIO UPDATE ---
2026-05-11 00:15:29,875 [INFO] Total Equity: $99.77 | Total PnL: $-0.23
2026-05-11 00:15:59,875 [INFO] Step triggered at 2026-05-11 00:15:59.875859 UTC
2026-05-11 00:16:03,866 [INFO] [ETH/USDT] ENTER LONG at 2354.0000. Size: $17.09, Fee: $0.0085
2026-05-11 00:16:05,716 [INFO] [SOL/USDT] ENTER LONG at 95.9900. Size: $17.96, Fee: $0.0090
2026-05-11 00:16:07,193 [INFO] [BNB/USDT] EXIT SIGNAL at 660.9400. PnL: $-0.0399, Fee: $0.0090, Net PnL: $-0.0489
2026-05-11 00:16:15,209 [INFO] [ADA/USDT] ENTER LONG at 0.2799. Size: $17.95, Fee: $0.0090
2026-05-11 00:16:17,011 [INFO] [DOGE/USDT] ENTER LONG at 0.1109. Size: $16.74, Fee: $0.0084
2026-05-11 00:16:25,304 [INFO] [LTC/USDT] ENTER LONG at 59.8900. Size: $17.05, Fee: $0.0085
2026-05-11 00:16:25,307 [INFO] --- PORTFOLIO UPDATE ---
2026-05-11 00:16:25,307 [INFO] Total Equity: $99.68 | Total PnL: $-0.32
2026-05-11 00:16:55,308 [INFO] Waiting 794.7s for candle finalization (Target: 2026-05-11 00:30:10 UTC)...
2026-05-11 00:30:10,000 [INFO] Step triggered at 2026-05-11 00:30:10.000474 UTC
2026-05-11 00:30:13,780 [INFO] [ETH/USDT] EXIT SIGNAL at 2355.9000. PnL: $0.0138, Fee: $0.0086, Net PnL: $0.0052
2026-05-11 00:30:17,163 [INFO] [BNB/USDT] ENTER LONG at 660.7600. Size: $17.95, Fee: $0.0090
2026-05-11 00:30:22,615 [INFO] [DOGE/USDT] EXIT SIGNAL at 0.1108. PnL: $-0.0275, Fee: $0.0084, Net PnL: $-0.0358
2026-05-11 00:30:24,400 [INFO] [DOT/USDT] ENTER LONG at 1.3720. Size: $17.94, Fee: $0.0090
2026-05-11 00:30:28,000 [INFO] [LTC/USDT] EXIT SIGNAL at 59.9200. PnL: $0.0085, Fee: $0.0085, Net PnL: $0.0000
2026-05-11 00:30:28,003 [INFO] --- PORTFOLIO UPDATE ---
2026-05-11 00:30:28,003 [INFO] Total Equity: $99.67 | Total PnL: $-0.33
2026-05-11 00:30:58,004 [INFO] Step triggered at 2026-05-11 00:30:58.004133 UTC
2026-05-11 00:31:01,933 [INFO] [ETH/USDT] ENTER LONG at 2357.5000. Size: $16.36, Fee: $0.0082
2026-05-11 00:31:03,740 [INFO] [SOL/USDT] EXIT SIGNAL at 96.2600. PnL: $0.0505, Fee: $0.0090, Net PnL: $0.0415
2026-05-11 00:31:05,232 [INFO] [BNB/USDT] EXIT SIGNAL at 661.0300. PnL: $0.0073, Fee: $0.0090, Net PnL: $-0.0016
2026-05-11 00:31:08,884 [INFO] [ADA/USDT] EXIT SIGNAL at 0.2804. PnL: $0.0359, Fee: $0.0090, Net PnL: $0.0269
2026-05-11 00:31:12,409 [INFO] [DOT/USDT] EXIT SIGNAL at 1.3720. PnL: $0.0000, Fee: $0.0090, Net PnL: $-0.0090
2026-05-11 00:31:16,038 [INFO] --- PORTFOLIO UPDATE ---
2026-05-11 00:31:16,038 [INFO] Total Equity: $99.68 | Total PnL: $-0.32
2026-05-11 00:31:46,039 [INFO] Waiting 804.0s for candle finalization (Target: 2026-05-11 00:45:10 UTC)...
2026-05-11 00:45:10,000 [INFO] Step triggered at 2026-05-11 00:45:10.000501 UTC
2026-05-11 00:45:13,773 [INFO] [ETH/USDT] EXIT SIGNAL at 2355.4000. PnL: $-0.0146, Fee: $0.0082, Net PnL: $-0.0227
2026-05-11 00:45:17,155 [INFO] [BNB/USDT] ENTER LONG at 660.4200. Size: $17.94, Fee: $0.0090
2026-05-11 00:45:19,236 [INFO] [XRP/USDT] ENTER LONG at 1.4588. Size: $16.12, Fee: $0.0081
2026-05-11 00:45:28,103 [INFO] [LTC/USDT] ENTER LONG at 59.6900. Size: $17.71, Fee: $0.0089
2026-05-11 00:45:28,106 [INFO] --- PORTFOLIO UPDATE ---
2026-05-11 00:45:28,106 [INFO] Total Equity: $99.63 | Total PnL: $-0.37
2026-05-11 00:45:58,107 [INFO] Step triggered at 2026-05-11 00:45:58.107247 UTC
2026-05-11 00:46:02,091 [INFO] [ETH/USDT] ENTER LONG at 2356.6000. Size: $16.00, Fee: $0.0080
2026-05-11 00:46:07,350 [INFO] [XRP/USDT] EXIT SIGNAL at 1.4607. PnL: $0.0210, Fee: $0.0081, Net PnL: $0.0129
2026-05-11 00:46:09,043 [INFO] [ADA/USDT] ENTER LONG at 0.2804. Size: $17.51, Fee: $0.0088
2026-05-11 00:46:16,211 [INFO] --- PORTFOLIO UPDATE ---
2026-05-11 00:46:16,211 [INFO] Total Equity: $99.65 | Total PnL: $-0.35
2026-05-11 00:46:46,211 [INFO] Waiting 803.8s for candle finalization (Target: 2026-05-11 01:00:10 UTC)...
2026-05-11 01:00:10,000 [INFO] Step triggered at 2026-05-11 01:00:10.000452 UTC
2026-05-11 01:00:13,872 [INFO] [ETH/USDT] EXIT SIGNAL at 2352.8000. PnL: $-0.0258, Fee: $0.0080, Net PnL: $-0.0338
2026-05-11 01:00:17,976 [INFO] [BNB/USDT] EXIT SL at 656.8000. PnL: $-0.0983, Fee: $0.0089, Net PnL: $-0.1072
2026-05-11 01:00:17,976 [INFO] [BNB/USDT] ENTER LONG at 656.8000. Size: $17.91, Fee: $0.0090
2026-05-11 01:00:28,279 [INFO] [ADA/USDT] EXIT SL at 0.2794. PnL: $-0.0655, Fee: $0.0087, Net PnL: $-0.0743
2026-05-11 01:00:30,100 [INFO] [DOGE/USDT] ENTER LONG at 0.1105. Size: $17.90, Fee: $0.0089
2026-05-11 01:00:36,222 [INFO] [DOT/USDT] ENTER LONG at 1.3680. Size: $17.89, Fee: $0.0089
2026-05-11 01:00:40,519 [INFO] [LINK/USDT] ENTER LONG at 10.6520. Size: $16.05, Fee: $0.0080
2026-05-11 01:00:42,346 [INFO] --- PORTFOLIO UPDATE ---
2026-05-11 01:00:42,346 [INFO] Total Equity: $99.33 | Total PnL: $-0.67
2026-05-11 01:01:12,347 [INFO] Waiting 837.7s for candle finalization (Target: 2026-05-11 01:15:10 UTC)...
2026-05-11 01:15:10,000 [INFO] Step triggered at 2026-05-11 01:15:10.000462 UTC
2026-05-11 01:15:29,144 [INFO] [LINK/USDT] EXIT SIGNAL at 10.6640. PnL: $0.0181, Fee: $0.0080, Net PnL: $0.0100
2026-05-11 01:15:30,941 [INFO] [LTC/USDT] EXIT TIME at 59.5700. PnL: $-0.0356, Fee: $0.0088, Net PnL: $-0.0444
2026-05-11 01:15:30,941 [INFO] [LTC/USDT] ENTER LONG at 59.5700. Size: $17.90, Fee: $0.0089
2026-05-11 01:15:30,945 [INFO] --- PORTFOLIO UPDATE ---
2026-05-11 01:15:30,945 [INFO] Total Equity: $99.46 | Total PnL: $-0.54
2026-05-11 01:16:00,945 [INFO] Waiting 849.1s for candle finalization (Target: 2026-05-11 01:30:10 UTC)...
2026-05-11 01:30:10,000 [INFO] Step triggered at 2026-05-11 01:30:10.000461 UTC
2026-05-11 01:30:17,309 [INFO] [BNB/USDT] EXIT TP at 659.5000. PnL: $0.0736, Fee: $0.0090, Net PnL: $0.0646
2026-05-11 01:30:22,814 [INFO] [DOGE/USDT] EXIT TP at 0.1112. PnL: $0.1117, Fee: $0.0090, Net PnL: $0.1027
2026-05-11 01:30:28,149 [INFO] [LTC/USDT] EXIT SIGNAL at 59.5200. PnL: $-0.0150, Fee: $0.0089, Net PnL: $-0.0240
2026-05-11 01:30:28,152 [INFO] --- PORTFOLIO UPDATE ---
2026-05-11 01:30:28,152 [INFO] Total Equity: $99.53 | Total PnL: $-0.47
2026-05-11 01:30:58,153 [INFO] Step triggered at 2026-05-11 01:30:58.153005 UTC
2026-05-11 01:31:00,290 [INFO] [BTC/USDT] ENTER LONG at 81525.0000. Size: $17.70, Fee: $0.0089
2026-05-11 01:31:09,278 [INFO] [ADA/USDT] ENTER LONG at 0.2803. Size: $16.63, Fee: $0.0083
2026-05-11 01:31:11,066 [INFO] [DOGE/USDT] ENTER LONG at 0.1109. Size: $16.24, Fee: $0.0081
2026-05-11 01:31:12,813 [INFO] [DOT/USDT] EXIT TIME at 1.3700. PnL: $0.0262, Fee: $0.0090, Net PnL: $0.0172
2026-05-11 01:31:12,814 [INFO] [DOT/USDT] ENTER LONG at 1.3700. Size: $16.40, Fee: $0.0082
2026-05-11 01:31:16,430 [INFO] --- PORTFOLIO UPDATE ---
2026-05-11 01:31:16,430 [INFO] Total Equity: $99.46 | Total PnL: $-0.54
2026-05-11 01:31:46,430 [INFO] Waiting 803.6s for candle finalization (Target: 2026-05-11 01:45:10 UTC)...
2026-05-11 01:45:10,000 [INFO] Step triggered at 2026-05-11 01:45:10.000462 UTC
2026-05-11 01:45:12,076 [INFO] [BTC/USDT] EXIT SIGNAL at 81464.0000. PnL: $-0.0132, Fee: $0.0088, Net PnL: $-0.0221
2026-05-11 01:45:21,121 [INFO] [ADA/USDT] EXIT SIGNAL at 0.2799. PnL: $-0.0249, Fee: $0.0083, Net PnL: $-0.0332
2026-05-11 01:45:22,931 [INFO] [DOGE/USDT] EXIT SIGNAL at 0.1109. PnL: $0.0004, Fee: $0.0081, Net PnL: $-0.0077
2026-05-11 01:45:24,635 [INFO] [DOT/USDT] EXIT SIGNAL at 1.3680. PnL: $-0.0239, Fee: $0.0082, Net PnL: $-0.0321
2026-05-11 01:45:28,274 [INFO] --- PORTFOLIO UPDATE ---
2026-05-11 01:45:28,274 [INFO] Total Equity: $99.37 | Total PnL: $-0.63
2026-05-11 01:45:58,274 [INFO] Step triggered at 2026-05-11 01:45:58.274843 UTC
2026-05-11 01:46:11,333 [INFO] [DOGE/USDT] ENTER SHORT at 0.1105. Size: $17.89, Fee: $0.0089
2026-05-11 01:46:16,679 [INFO] --- PORTFOLIO UPDATE ---
2026-05-11 01:46:16,679 [INFO] Total Equity: $99.36 | Total PnL: $-0.64
2026-05-11 01:46:46,680 [INFO] Waiting 803.3s for candle finalization (Target: 2026-05-11 02:00:10 UTC)...
2026-05-11 02:00:10,000 [INFO] Step triggered at 2026-05-11 02:00:10.000455 UTC
2026-05-11 02:00:28,803 [INFO] [DOGE/USDT] EXIT SIGNAL at 0.1107. PnL: $-0.0358, Fee: $0.0090, Net PnL: $-0.0447
2026-05-11 02:00:32,766 [INFO] [DOT/USDT] ENTER SHORT at 1.3690. Size: $17.88, Fee: $0.0089
2026-05-11 02:00:40,133 [INFO] --- PORTFOLIO UPDATE ---
2026-05-11 02:00:40,133 [INFO] Total Equity: $99.30 | Total PnL: $-0.70
2026-05-11 02:01:10,134 [INFO] Waiting 839.9s for candle finalization (Target: 2026-05-11 02:15:10 UTC)...
2026-05-11 02:15:10,000 [INFO] Step triggered at 2026-05-11 02:15:10.000462 UTC
2026-05-11 02:15:19,125 [INFO] [XRP/USDT] ENTER SHORT at 1.4551. Size: $17.87, Fee: $0.0089
2026-05-11 02:15:22,623 [INFO] [DOGE/USDT] ENTER SHORT at 0.1104. Size: $15.87, Fee: $0.0079
2026-05-11 02:15:24,360 [INFO] [DOT/USDT] EXIT TP at 1.3600. PnL: $0.1175, Fee: $0.0089, Net PnL: $0.1086
2026-05-11 02:15:27,952 [INFO] --- PORTFOLIO UPDATE ---
2026-05-11 02:15:27,952 [INFO] Total Equity: $99.40 | Total PnL: $-0.60
2026-05-11 02:15:57,953 [INFO] Step triggered at 2026-05-11 02:15:57.953295 UTC
2026-05-11 02:16:07,258 [INFO] [XRP/USDT] EXIT SIGNAL at 1.4533. PnL: $0.0224, Fee: $0.0089, Net PnL: $0.0134
2026-05-11 02:16:10,749 [INFO] [DOGE/USDT] EXIT SIGNAL at 0.1101. PnL: $0.0424, Fee: $0.0079, Net PnL: $0.0345
2026-05-11 02:16:16,109 [INFO] --- PORTFOLIO UPDATE ---
2026-05-11 02:16:16,109 [INFO] Total Equity: $99.44 | Total PnL: $-0.56
2026-05-11 02:16:46,110 [INFO] Waiting 803.9s for candle finalization (Target: 2026-05-11 02:30:10 UTC)...
