2026-05-12 16:32:11,645 [INFO] Starting BTC LightGBM paper trader. once=True
2026-05-12 16:32:11,647 [WARNING] Fetch attempt 1/3 failed: krakenfutures GET https://futures.kraken.com/derivatives/api/v3/instruments
2026-05-12 16:32:16,649 [WARNING] Fetch attempt 2/3 failed: krakenfutures GET https://futures.kraken.com/derivatives/api/v3/instruments
2026-05-12 16:32:21,650 [WARNING] Fetch attempt 3/3 failed: krakenfutures GET https://futures.kraken.com/derivatives/api/v3/instruments
2026-05-12 16:32:21,651 [ERROR] Paper trading cycle failed
Traceback (most recent call last):
  File "/home/chengyou1368/crypto-binary/binary-paper-trading/run_live_paper_trading.py", line 342, in run
    result = self.step()
  File "/home/chengyou1368/crypto-binary/binary-paper-trading/run_live_paper_trading.py", line 311, in step
    frame = self.fetch_market_frame()
  File "/home/chengyou1368/crypto-binary/binary-paper-trading/run_live_paper_trading.py", line 135, in fetch_market_frame
    raise RuntimeError(f"Failed to fetch live market data after {retry_attempts} attempts: {last_error}")
RuntimeError: Failed to fetch live market data after 3 attempts: krakenfutures GET https://futures.kraken.com/derivatives/api/v3/instruments
2026-05-12 16:34:20,167 [INFO] Starting BTC LightGBM paper trader. once=True
2026-05-12 16:34:22,418 [INFO] BTC DOWN | close=80778.00 | p_up=37.45% p_down=62.55% | signal=DOWN | action=ENTER_SHORT | equity=9997.00
2026-05-12 16:34:22,419 [INFO] Completed cycle: {"timestamp": "2026-05-12T20:15:00+00:00", "close": 80778.0, "prediction": {"prob_up": 0.3745277186678098, "prob_down": 0.6254722813321902, "up_percent": 37.452771866780985, "down_percent": 62.54722813321902, "direction": "DOWN", "confidence_percent": 62.54722813321902, "fold_probabilities": [0.35457019022556796, 0.34217941782117006, 0.39418818427596614, 0.4218616130025265, 0.45623702294946794, 0.44761537747748875, 0.36122479243171507, 0.43091285765816056, 0.3592741837776703, 0.3983359996493406, 0.42525556735032655, 0.3127756911185348, 0.26821648469983106, 0.35034906001864813, 0.32135353620684126, 0.3483347369299182, 0.37428650175959244]}, "position": {"timestamp": "2026-05-12T20:15:00+00:00", "action": "ENTER_SHORT", "position": -1, "price": 80778.0, "entry_price": 80778.0, "qty": 0.12379608309193098, "realized_pnl_step": 0.0, "fee_step": 2.9999999999999996, "realized_pnl_total": 0.0, "unrealized_pnl": -0.0, "cash_equity": 9997.0, "total_equity": 9997.0}}
2026-05-12 16:35:04,647 [INFO] Starting BTC LightGBM paper trader. once=True
2026-05-12 16:35:06,948 [INFO] BTC DOWN | close=80778.00 | p_up=37.45% p_down=62.55% | signal=DOWN | action=HOLD | equity=9997.00
2026-05-12 16:35:06,948 [INFO] Completed cycle: {"timestamp": "2026-05-12T20:15:00+00:00", "close": 80778.0, "prediction": {"prob_up": 0.3745277186678098, "prob_down": 0.6254722813321902, "up_percent": 37.452771866780985, "down_percent": 62.54722813321902, "direction": "DOWN", "confidence_percent": 62.54722813321902, "fold_probabilities": [0.35457019022556796, 0.34217941782117006, 0.39418818427596614, 0.4218616130025265, 0.45623702294946794, 0.44761537747748875, 0.36122479243171507, 0.43091285765816056, 0.3592741837776703, 0.3983359996493406, 0.42525556735032655, 0.3127756911185348, 0.26821648469983106, 0.35034906001864813, 0.32135353620684126, 0.3483347369299182, 0.37428650175959244]}, "position": {"timestamp": "2026-05-12T20:15:00+00:00", "action": "HOLD", "position": -1, "price": 80778.0, "entry_price": 80778.0, "qty": 0.12379608309193098, "realized_pnl_step": 0.0, "fee_step": 0.0, "realized_pnl_total": 0.0, "unrealized_pnl": -0.0, "cash_equity": 9997.0, "total_equity": 9997.0}}
2026-05-12 16:38:21,221 [INFO] Starting BTC LightGBM paper trader. once=True
2026-05-12 16:38:23,525 [INFO] BTC DOWN | close=80778.00 | p_up=37.45% p_down=62.55% | signal=DOWN | action=HOLD | equity=9997.00
2026-05-12 16:38:23,525 [INFO] Completed cycle: {"timestamp": "2026-05-12T20:15:00+00:00", "close": 80778.0, "prediction": {"prob_up": 0.3745277186678098, "prob_down": 0.6254722813321902, "up_percent": 37.452771866780985, "down_percent": 62.54722813321902, "direction": "DOWN", "confidence_percent": 62.54722813321902, "fold_probabilities": [0.35457019022556796, 0.34217941782117006, 0.39418818427596614, 0.4218616130025265, 0.45623702294946794, 0.44761537747748875, 0.36122479243171507, 0.43091285765816056, 0.3592741837776703, 0.3983359996493406, 0.42525556735032655, 0.3127756911185348, 0.26821648469983106, 0.35034906001864813, 0.32135353620684126, 0.3483347369299182, 0.37428650175959244]}, "position": {"timestamp": "2026-05-12T20:15:00+00:00", "action": "HOLD", "position": -1, "price": 80778.0, "entry_price": 80778.0, "qty": 0.12379608309193098, "realized_pnl_step": 0.0, "fee_step": 0.0, "realized_pnl_total": 0.0, "unrealized_pnl": -0.0, "cash_equity": 9997.0, "total_equity": 9997.0}}
2026-05-12 16:43:38,347 [INFO] Starting BTC LightGBM paper trader. once=False
2026-05-12 16:43:40,624 [INFO] BTC DOWN | close=80778.00 | p_up=37.45% p_down=62.55% | signal=DOWN | action=HOLD | equity=9997.00
2026-05-12 16:43:40,625 [INFO] Completed cycle: {"timestamp": "2026-05-12T20:15:00+00:00", "close": 80778.0, "prediction": {"prob_up": 0.3745277186678098, "prob_down": 0.6254722813321902, "up_percent": 37.452771866780985, "down_percent": 62.54722813321902, "direction": "DOWN", "confidence_percent": 62.54722813321902, "fold_probabilities": [0.35457019022556796, 0.34217941782117006, 0.39418818427596614, 0.4218616130025265, 0.45623702294946794, 0.44761537747748875, 0.36122479243171507, 0.43091285765816056, 0.3592741837776703, 0.3983359996493406, 0.42525556735032655, 0.3127756911185348, 0.26821648469983106, 0.35034906001864813, 0.32135353620684126, 0.3483347369299182, 0.37428650175959244]}, "position": {"timestamp": "2026-05-12T20:15:00+00:00", "action": "HOLD", "position": -1, "price": 80778.0, "entry_price": 80778.0, "qty": 0.12379608309193098, "realized_pnl_step": 0.0, "fee_step": 0.0, "realized_pnl_total": 0.0, "unrealized_pnl": -0.0, "cash_equity": 9997.0, "total_equity": 9997.0}}
2026-05-12 16:43:40,625 [INFO] Waiting 89.4s until 2026-05-12T20:45:10+00:00
2026-05-12 16:45:11,440 [ERROR] Paper trading cycle failed
Traceback (most recent call last):
  File "/home/chengyou1368/crypto-binary/binary-venv/lib/python3.14/site-packages/pandas/core/frame.py", line 4911, in _set_value
    self._mgr.column_setitem(icol, iindex, value, inplace_only=True)
    ~~~~~~~~~~~~~~~~~~~~~~~~^^^^^^^^^^^^^^^^^^^^^^^^^^^^^^^^^^^^^^^^
  File "/home/chengyou1368/crypto-binary/binary-venv/lib/python3.14/site-packages/pandas/core/internals/managers.py", line 1526, in column_setitem
    col_mgr.setitem_inplace(idx, value)
    ~~~~~~~~~~~~~~~~~~~~~~~^^^^^^^^^^^^
  File "/home/chengyou1368/crypto-binary/binary-venv/lib/python3.14/site-packages/pandas/core/internals/managers.py", line 2228, in setitem_inplace
    value = np_can_hold_element(arr.dtype, value)
  File "/home/chengyou1368/crypto-binary/binary-venv/lib/python3.14/site-packages/pandas/core/dtypes/cast.py", line 1792, in np_can_hold_element
    raise LossySetitemError
pandas.errors.LossySetitemError

During handling of the above exception, another exception occurred:

Traceback (most recent call last):
  File "/home/chengyou1368/crypto-binary/binary-venv/lib/python3.14/site-packages/pandas/core/internals/blocks.py", line 1115, in setitem
    casted = np_can_hold_element(values.dtype, value)
  File "/home/chengyou1368/crypto-binary/binary-venv/lib/python3.14/site-packages/pandas/core/dtypes/cast.py", line 1792, in np_can_hold_element
    raise LossySetitemError
pandas.errors.LossySetitemError

During handling of the above exception, another exception occurred:

Traceback (most recent call last):
  File "/home/chengyou1368/crypto-binary/binary-paper-trading/run_live_paper_trading.py", line 433, in run
    result = self.step()
  File "/home/chengyou1368/crypto-binary/binary-paper-trading/run_live_paper_trading.py", line 402, in step
    self.evaluate_pending_predictions(frame)
    ~~~~~~~~~~~~~~~~~~~~~~~~~~~~~~~~~^^^^^^^
  File "/home/chengyou1368/crypto-binary/binary-paper-trading/run_live_paper_trading.py", line 365, in evaluate_pending_predictions
    predictions.at[idx, "actual_direction_15m"] = actual_direction
    ~~~~~~~~~~~~~~^^^^^^^^^^^^^^^^^^^^^^^^^^^^^
  File "/home/chengyou1368/crypto-binary/binary-venv/lib/python3.14/site-packages/pandas/core/indexing.py", line 2592, in __setitem__
    return super().__setitem__(key, value)
           ~~~~~~~~~~~~~~~~~~~^^^^^^^^^^^^
  File "/home/chengyou1368/crypto-binary/binary-venv/lib/python3.14/site-packages/pandas/core/indexing.py", line 2542, in __setitem__
    self.obj._set_value(*key, value=value, takeable=self._takeable)
    ~~~~~~~~~~~~~~~~~~~^^^^^^^^^^^^^^^^^^^^^^^^^^^^^^^^^^^^^^^^^^^^
  File "/home/chengyou1368/crypto-binary/binary-venv/lib/python3.14/site-packages/pandas/core/frame.py", line 4922, in _set_value
    self.loc[index, col] = value
    ~~~~~~~~^^^^^^^^^^^^
  File "/home/chengyou1368/crypto-binary/binary-venv/lib/python3.14/site-packages/pandas/core/indexing.py", line 938, in __setitem__
    iloc._setitem_with_indexer(indexer, value, self.name)
    ~~~~~~~~~~~~~~~~~~~~~~~~~~^^^^^^^^^^^^^^^^^^^^^^^^^^^
  File "/home/chengyou1368/crypto-binary/binary-venv/lib/python3.14/site-packages/pandas/core/indexing.py", line 1953, in _setitem_with_indexer
    self._setitem_with_indexer_split_path(indexer, value, name)
    ~~~~~~~~~~~~~~~~~~~~~~~~~~~~~~~~~~~~~^^^^^^^^^^^^^^^^^^^^^^
  File "/home/chengyou1368/crypto-binary/binary-venv/lib/python3.14/site-packages/pandas/core/indexing.py", line 2044, in _setitem_with_indexer_split_path
    self._setitem_single_column(loc, value, pi)
    ~~~~~~~~~~~~~~~~~~~~~~~~~~~^^^^^^^^^^^^^^^^
  File "/home/chengyou1368/crypto-binary/binary-venv/lib/python3.14/site-packages/pandas/core/indexing.py", line 2181, in _setitem_single_column
    self.obj._mgr.column_setitem(loc, plane_indexer, value)
    ~~~~~~~~~~~~~~~~~~~~~~~~~~~~^^^^^^^^^^^^^^^^^^^^^^^^^^^
  File "/home/chengyou1368/crypto-binary/binary-venv/lib/python3.14/site-packages/pandas/core/internals/managers.py", line 1528, in column_setitem
    new_mgr = col_mgr.setitem((idx,), value)
  File "/home/chengyou1368/crypto-binary/binary-venv/lib/python3.14/site-packages/pandas/core/internals/managers.py", line 607, in setitem
    return self.apply("setitem", indexer=indexer, value=value)
           ~~~~~~~~~~^^^^^^^^^^^^^^^^^^^^^^^^^^^^^^^^^^^^^^^^^
  File "/home/chengyou1368/crypto-binary/binary-venv/lib/python3.14/site-packages/pandas/core/internals/managers.py", line 445, in apply
    applied = getattr(b, f)(**kwargs)
  File "/home/chengyou1368/crypto-binary/binary-venv/lib/python3.14/site-packages/pandas/core/internals/blocks.py", line 1118, in setitem
    nb = self.coerce_to_target_dtype(value, raise_on_upcast=True)
  File "/home/chengyou1368/crypto-binary/binary-venv/lib/python3.14/site-packages/pandas/core/internals/blocks.py", line 468, in coerce_to_target_dtype
    raise TypeError(f"Invalid value '{other}' for dtype '{self.values.dtype}'")
TypeError: Invalid value 'DOWN' for dtype 'float64'
2026-05-12 16:45:11,450 [INFO] Waiting 898.5s until 2026-05-12T21:00:10+00:00
2026-05-12 16:49:04,599 [INFO] Starting BTC LightGBM paper trader. once=False
2026-05-12 16:49:06,649 [INFO] Evaluated DOWN prediction from 2026-05-12T20:15:00+00:00: actual=DOWN return=-0.001301 correct=True
2026-05-12 16:49:06,650 [INFO] Evaluated DOWN prediction from 2026-05-12T20:15:00+00:00: actual=DOWN return=-0.001301 correct=True
2026-05-12 16:49:06,650 [INFO] Evaluated DOWN prediction from 2026-05-12T20:15:00+00:00: actual=DOWN return=-0.001301 correct=True
2026-05-12 16:49:06,650 [INFO] Evaluated DOWN prediction from 2026-05-12T20:15:00+00:00: actual=DOWN return=-0.001301 correct=True
2026-05-12 16:49:06,875 [INFO] BTC DOWN | close=80673.00 | p_up=35.04% p_down=64.96% | signal=DOWN | action=HOLD | equity=10010.00
2026-05-12 16:49:06,876 [INFO] Completed cycle: {"timestamp": "2026-05-12T20:30:00+00:00", "close": 80673.0, "prediction": {"prob_up": 0.35038608343932603, "prob_down": 0.649613916560674, "up_percent": 35.0386083439326, "down_percent": 64.9613916560674, "direction": "DOWN", "confidence_percent": 64.9613916560674, "fold_probabilities": [0.3715679705770568, 0.3822054320722669, 0.38992359203761856, 0.3575469217325861, 0.34649881542841154, 0.33822282792892716, 0.3285927698964858, 0.3128543361702589, 0.34818143562303167, 0.39040131828822816, 0.4219452976784066, 0.31024858170382447, 0.2688713317244262, 0.3634875055396353, 0.3060587263626448, 0.34695048365756775, 0.3730060720471667]}, "position": {"timestamp": "2026-05-12T20:30:00+00:00", "action": "HOLD", "position": -1, "price": 80673.0, "entry_price": 80778.0, "qty": 0.12379608309193098, "realized_pnl_step": 0.0, "fee_step": 0.0, "realized_pnl_total": 0.0, "unrealized_pnl": 12.998588724652752, "cash_equity": 9997.0, "total_equity": 10009.998588724653}}
2026-05-12 16:49:06,876 [INFO] Waiting 663.1s until 2026-05-12T21:00:10+00:00
2026-05-12 17:00:11,344 [INFO] Evaluated DOWN prediction from 2026-05-12T20:30:00+00:00: actual=DOWN return=-0.000161 correct=True
2026-05-12 17:00:11,586 [INFO] BTC DOWN | close=80660.00 | p_up=35.46% p_down=64.54% | signal=DOWN | action=HOLD | equity=10011.61
2026-05-12 17:00:11,587 [INFO] Completed cycle: {"timestamp": "2026-05-12T20:45:00+00:00", "close": 80660.0, "prediction": {"prob_up": 0.3545780138687753, "prob_down": 0.6454219861312247, "up_percent": 35.45780138687753, "down_percent": 64.54219861312247, "direction": "DOWN", "confidence_percent": 64.54219861312247, "fold_probabilities": [0.3603160867973711, 0.38157594156374125, 0.38936641866766103, 0.3550721875456315, 0.34649881542841154, 0.33940887738325914, 0.3285927698964858, 0.3110097604849917, 0.3482319890097653, 0.40365833145812857, 0.4219452976784066, 0.337325358265715, 0.2616556405456676, 0.38392912456688433, 0.3289089501920111, 0.3573246142378823, 0.3730060720471667]}, "position": {"timestamp": "2026-05-12T20:45:00+00:00", "action": "HOLD", "position": -1, "price": 80660.0, "entry_price": 80778.0, "qty": 0.12379608309193098, "realized_pnl_step": 0.0, "fee_step": 0.0, "realized_pnl_total": 0.0, "unrealized_pnl": 14.607937804847856, "cash_equity": 9997.0, "total_equity": 10011.607937804847}}
2026-05-12 17:00:11,587 [INFO] Waiting 898.4s until 2026-05-12T21:15:10+00:00
2026-05-12 17:15:13,529 [WARNING] Fetch attempt 1/3 failed: krakenfutures GET https://futures.kraken.com/derivatives/api/v3/orderbook?symbol=PF_XBTUSD 503 Service Unavailable <html><body><h1>503 Service Unavailable</h1>
No server is available to handle this request.
</body></html>
2026-05-12 17:15:24,536 [WARNING] Fetch attempt 2/3 failed: krakenfutures GET https://futures.kraken.com/derivatives/api/v3/orderbook?symbol=PF_XBTUSD 503 Service Unavailable <html><body><h1>503 Service Unavailable</h1>
No server is available to handle this request.
</body></html>
2026-05-12 17:15:31,173 [WARNING] Fetch attempt 3/3 failed: krakenfutures GET https://futures.kraken.com/derivatives/api/v3/orderbook?symbol=PF_XBTUSD 503 Service Unavailable <html><body><h1>503 Service Unavailable</h1>
No server is available to handle this request.
</body></html>
2026-05-12 17:15:31,173 [ERROR] Paper trading cycle failed
Traceback (most recent call last):
  File "/home/chengyou1368/crypto-binary/binary-paper-trading/run_live_paper_trading.py", line 445, in run
    result = self.step()
  File "/home/chengyou1368/crypto-binary/binary-paper-trading/run_live_paper_trading.py", line 413, in step
    frame = self.fetch_market_frame()
  File "/home/chengyou1368/crypto-binary/binary-paper-trading/run_live_paper_trading.py", line 147, in fetch_market_frame
    raise RuntimeError(f"Failed to fetch live market data after {retry_attempts} attempts: {last_error}")
RuntimeError: Failed to fetch live market data after 3 attempts: krakenfutures GET https://futures.kraken.com/derivatives/api/v3/orderbook?symbol=PF_XBTUSD 503 Service Unavailable <html><body><h1>503 Service Unavailable</h1>
No server is available to handle this request.
</body></html>
2026-05-12 17:15:31,181 [INFO] Waiting 878.8s until 2026-05-12T21:30:10+00:00
2026-05-12 17:30:11,544 [INFO] Evaluated DOWN prediction from 2026-05-12T20:45:00+00:00: actual=UP return=0.000471 correct=False
2026-05-12 17:30:11,831 [INFO] BTC DOWN | close=80628.00 | p_up=35.88% p_down=64.12% | signal=DOWN | action=HOLD | equity=10015.57
2026-05-12 17:30:11,831 [INFO] Completed cycle: {"timestamp": "2026-05-12T21:15:00+00:00", "close": 80628.0, "prediction": {"prob_up": 0.3588134240946532, "prob_down": 0.6411865759053468, "up_percent": 35.88134240946532, "down_percent": 64.11865759053468, "direction": "DOWN", "confidence_percent": 64.11865759053468, "fold_probabilities": [0.36677980784519926, 0.37968710119323845, 0.38936641866766103, 0.3340531861901544, 0.33778394501640197, 0.3328770264411291, 0.3285927698964858, 0.3165359717994868, 0.3573651539644159, 0.4146339496372916, 0.4219452976784066, 0.35608216640669405, 0.3349928527548349, 0.3883573546282537, 0.31982647700882477, 0.34695048365756775, 0.37399824682305943]}, "position": {"timestamp": "2026-05-12T21:15:00+00:00", "action": "HOLD", "position": -1, "price": 80628.0, "entry_price": 80778.0, "qty": 0.12379608309193098, "realized_pnl_step": 0.0, "fee_step": 0.0, "realized_pnl_total": 0.0, "unrealized_pnl": 18.569412463789646, "cash_equity": 9997.0, "total_equity": 10015.56941246379}}
2026-05-12 17:30:11,831 [INFO] Waiting 898.2s until 2026-05-12T21:45:10+00:00
2026-05-12 23:49:42,676 [INFO] Starting BTC LightGBM paper trader. once=False
2026-05-12 23:49:45,010 [INFO] Evaluated DOWN prediction from 2026-05-12T21:15:00+00:00: actual=DOWN return=-0.000819 correct=True
2026-05-12 23:49:45,289 [INFO] BTC DOWN | close=81173.00 | p_up=41.88% p_down=58.12% | signal=DOWN | action=EXIT_SHORT | equity=9945.09
2026-05-12 23:49:45,289 [INFO] Completed cycle: {"timestamp": "2026-05-13T03:30:00+00:00", "close": 81173.0, "prediction": {"prob_up": 0.41875639581448715, "prob_down": 0.5812436041855129, "up_percent": 41.875639581448716, "down_percent": 58.12436041855129, "direction": "DOWN", "confidence_percent": 58.12436041855129, "fold_probabilities": [0.40411008118771163, 0.3799126101810591, 0.40421114793255736, 0.4364566137955987, 0.4665494589982511, 0.46089288430923653, 0.4316625056849193, 0.48929137285391083, 0.42112001826884043, 0.4985086225073332, 0.4323992948829628, 0.4074343191816898, 0.39518027169442516, 0.3583098963347612, 0.36892403818916075, 0.38009208865379307, 0.3838035041900704]}, "position": {"timestamp": "2026-05-13T03:30:00+00:00", "action": "EXIT_SHORT", "position": 0, "price": 81173.0, "entry_price": 0.0, "qty": 0.0, "realized_pnl_step": -51.914122657159126, "fee_step": 3.014669835846394, "realized_pnl_total": -51.914122657159126, "unrealized_pnl": 0.0, "cash_equity": 9945.08587734284, "total_equity": 9945.08587734284}}
2026-05-12 23:49:45,289 [INFO] Waiting 624.7s until 2026-05-13T04:00:10+00:00
2026-05-13 00:00:11,969 [INFO] Evaluated DOWN prediction from 2026-05-13T03:30:00+00:00: actual=UP return=0.000616 correct=False
2026-05-13 00:00:12,317 [INFO] BTC DOWN | close=81223.00 | p_up=40.80% p_down=59.20% | signal=DOWN | action=HOLD | equity=9945.09
2026-05-13 00:00:12,318 [INFO] Completed cycle: {"timestamp": "2026-05-13T03:45:00+00:00", "close": 81223.0, "prediction": {"prob_up": 0.4080466083117112, "prob_down": 0.5919533916882889, "up_percent": 40.80466083117112, "down_percent": 59.19533916882889, "direction": "DOWN", "confidence_percent": 59.19533916882889, "fold_probabilities": [0.3546238824447489, 0.3971052893568497, 0.3934012586023672, 0.41657583679452753, 0.4758890893717955, 0.4394700463296359, 0.3971234950699506, 0.4468186904209713, 0.42857234596668353, 0.47874892644767203, 0.43605740657156233, 0.4457907274068666, 0.350390104374228, 0.3517062091119978, 0.37772341868801096, 0.3655653444908993, 0.3812302698503229]}, "position": {"timestamp": "2026-05-13T03:45:00+00:00", "action": "HOLD", "position": 0, "price": 81223.0, "entry_price": 0.0, "qty": 0.0, "realized_pnl_step": 0.0, "fee_step": 0.0, "realized_pnl_total": -51.914122657159126, "unrealized_pnl": 0.0, "cash_equity": 9945.08587734284, "total_equity": 9945.08587734284}}
2026-05-13 00:00:12,318 [INFO] Waiting 897.7s until 2026-05-13T04:15:10+00:00
2026-05-13 00:07:55,056 [INFO] Starting BTC LightGBM paper trader. once=False
2026-05-13 00:07:57,466 [INFO] BTC DOWN | contract=2026-05-13T04:00:00+00:00 | model_input=2026-05-13T03:45:00+00:00 | live_price=81223.00 | p_up=40.80% p_down=59.20% | signal=DOWN | action=HOLD | equity=9945.09
2026-05-13 00:07:57,467 [INFO] Completed cycle: {"timestamp": "2026-05-13T04:00:00+00:00", "model_input_timestamp": "2026-05-13T03:45:00+00:00", "close": 81223.0, "prediction": {"prob_up": 0.4080466083117112, "prob_down": 0.5919533916882889, "up_percent": 40.80466083117112, "down_percent": 59.19533916882889, "direction": "DOWN", "confidence_percent": 59.19533916882889, "fold_probabilities": [0.3546238824447489, 0.3971052893568497, 0.3934012586023672, 0.41657583679452753, 0.4758890893717955, 0.4394700463296359, 0.3971234950699506, 0.4468186904209713, 0.42857234596668353, 0.47874892644767203, 0.43605740657156233, 0.4457907274068666, 0.350390104374228, 0.3517062091119978, 0.37772341868801096, 0.3655653444908993, 0.3812302698503229]}, "position": {"timestamp": "2026-05-13T04:00:00+00:00", "action": "HOLD", "position": 0, "price": 81223.0, "entry_price": 0.0, "qty": 0.0, "realized_pnl_step": 0.0, "fee_step": 0.0, "realized_pnl_total": -51.914122657159126, "unrealized_pnl": 0.0, "cash_equity": 9945.08587734284, "total_equity": 9945.08587734284}}
2026-05-13 00:07:57,467 [INFO] Waiting 432.5s until 2026-05-13T04:15:10+00:00
2026-05-13 00:15:11,627 [INFO] Evaluated DOWN prediction from 2026-05-13T03:45:00+00:00: actual=DOWN return=-0.000850 correct=True
2026-05-13 00:15:11,628 [INFO] Evaluated DOWN prediction from 2026-05-13T04:00:00+00:00: actual=DOWN return=-0.000850 correct=True
2026-05-13 00:15:11,884 [INFO] BTC DOWN | contract=2026-05-13T04:15:00+00:00 | model_input=2026-05-13T04:00:00+00:00 | live_price=81154.00 | p_up=38.63% p_down=61.37% | signal=DOWN | action=ENTER_SHORT | equity=9942.10
2026-05-13 00:15:11,884 [INFO] Completed cycle: {"timestamp": "2026-05-13T04:15:00+00:00", "model_input_timestamp": "2026-05-13T04:00:00+00:00", "close": 81154.0, "prediction": {"prob_up": 0.3863342457585715, "prob_down": 0.6136657542414286, "up_percent": 38.63342457585715, "down_percent": 61.36657542414285, "direction": "DOWN", "confidence_percent": 61.36657542414285, "fold_probabilities": [0.34395788201419314, 0.4129235568404278, 0.39208571919797464, 0.36758536470703107, 0.3858491284504437, 0.3468788006545138, 0.4016204285840974, 0.3881223371302209, 0.4123226844317784, 0.497514849133105, 0.43148417651543947, 0.41522933734747874, 0.308368239391737, 0.3588405596102405, 0.36111250844861, 0.3659770890100239, 0.3778095164284]}, "position": {"timestamp": "2026-05-13T04:15:00+00:00", "action": "ENTER_SHORT", "position": -1, "price": 81154.0, "entry_price": 81154.0, "qty": 0.12254584958650025, "realized_pnl_step": 0.0, "fee_step": 2.983525763202852, "realized_pnl_total": -51.914122657159126, "unrealized_pnl": -0.0, "cash_equity": 9942.102351579639, "total_equity": 9942.102351579639}}
2026-05-13 00:15:11,885 [INFO] Waiting 898.1s until 2026-05-13T04:30:10+00:00
2026-05-13 00:20:53,855 [INFO] Starting BTC LightGBM paper trader. once=False
2026-05-13 00:20:56,284 [INFO] BTC DOWN | contract=2026-05-13T04:15:00+00:00 | model_input_candle_close=2026-05-13T04:15:00+00:00 | model_input_close=81154.00 | p_up=38.63% p_down=61.37% | signal=DOWN | action=HOLD | equity=9942.10
2026-05-13 00:20:56,285 [INFO] Completed cycle: {"timestamp": "2026-05-13T04:15:00+00:00", "model_input_timestamp": "2026-05-13T04:15:00+00:00", "close": 81154.0, "prediction": {"prob_up": 0.3863342457585715, "prob_down": 0.6136657542414286, "up_percent": 38.63342457585715, "down_percent": 61.36657542414285, "direction": "DOWN", "confidence_percent": 61.36657542414285, "fold_probabilities": [0.34395788201419314, 0.4129235568404278, 0.39208571919797464, 0.36758536470703107, 0.3858491284504437, 0.3468788006545138, 0.4016204285840974, 0.3881223371302209, 0.4123226844317784, 0.497514849133105, 0.43148417651543947, 0.41522933734747874, 0.308368239391737, 0.3588405596102405, 0.36111250844861, 0.3659770890100239, 0.3778095164284]}, "position": {"timestamp": "2026-05-13T04:15:00+00:00", "action": "HOLD", "position": -1, "price": 81154.0, "entry_price": 81154.0, "qty": 0.12254584958650025, "realized_pnl_step": 0.0, "fee_step": 0.0, "realized_pnl_total": -51.914122657159126, "unrealized_pnl": -0.0, "cash_equity": 9942.102351579639, "total_equity": 9942.102351579639}}
2026-05-13 00:20:56,285 [INFO] Waiting 553.7s until 2026-05-13T04:30:10+00:00
2026-05-13 00:30:12,511 [INFO] Evaluated DOWN prediction from 2026-05-13T04:15:00+00:00: actual=UP return=0.000394 correct=False
2026-05-13 00:30:12,512 [INFO] Evaluated DOWN prediction from 2026-05-13T04:15:00+00:00: actual=UP return=0.000394 correct=False
2026-05-13 00:30:12,837 [INFO] BTC DOWN | contract=2026-05-13T04:30:00+00:00 | model_input_candle_close=2026-05-13T04:30:00+00:00 | model_input_close=81186.00 | p_up=41.17% p_down=58.83% | signal=DOWN | action=EXIT_SHORT | equity=9935.20
2026-05-13 00:30:12,838 [INFO] Completed cycle: {"timestamp": "2026-05-13T04:30:00+00:00", "model_input_timestamp": "2026-05-13T04:30:00+00:00", "close": 81186.0, "prediction": {"prob_up": 0.41167160669090247, "prob_down": 0.5883283933090975, "up_percent": 41.167160669090244, "down_percent": 58.83283933090975, "direction": "DOWN", "confidence_percent": 58.83283933090975, "fold_probabilities": [0.3477928806403966, 0.39683209731119223, 0.39833869430069146, 0.4142438817014708, 0.4643469440630455, 0.42617564895483, 0.4394656029465142, 0.4686543882516084, 0.417811753461621, 0.4832642880280325, 0.4387983454866472, 0.45859728559899693, 0.3797979550885972, 0.3512813853081795, 0.3678821140854093, 0.36450394773819034, 0.3806301007799187]}, "position": {"timestamp": "2026-05-13T04:30:00+00:00", "action": "EXIT_SHORT", "position": 0, "price": 81186.0, "entry_price": 0.0, "qty": 0.0, "realized_pnl_step": -6.906169390126891, "fee_step": 2.9847022033588826, "realized_pnl_total": -58.82029204728602, "unrealized_pnl": 0.0, "cash_equity": 9935.196182189511, "total_equity": 9935.196182189511}}
2026-05-13 00:30:12,838 [INFO] Waiting 897.2s until 2026-05-13T04:45:10+00:00
